// This is where an access log would be created
::1 - - [12/Apr/2022:14:46:34 +0000] "GET /app/log/access HTTP/1.1" 200 201 "-" "curl/7.77.0"
::1 - - [12/Apr/2022:14:50:58 +0000] "GET /app/flips/:number HTTP/1.1" 200 42 "-" "curl/7.77.0"
::1 - - [12/Apr/2022:14:51:36 +0000] "GET /app/flips/30/ HTTP/1.1" 200 283 "-" "curl/7.77.0"
::1 - - [12/Apr/2022:14:52:20 +0000] "GET /app/flip/coin/ HTTP/1.1" 404 23 "-" "curl/7.77.0"
::1 - - [12/Apr/2022:14:52:33 +0000] "GET /app/flip/heads/ HTTP/1.1" 404 23 "-" "curl/7.77.0"
::1 - - [12/Apr/2022:14:57:03 +0000] "GET /app/flip HTTP/1.1" 200 16 "-" "curl/7.77.0"
::1 - - [12/Apr/2022:14:59:00 +0000] "GET /app/log/access HTTP/1.1" 200 1398 "-" "curl/7.77.0"
::1 - - [12/Apr/2022:15:00:51 +0000] "GET /app/flip HTTP/1.1" 200 16 "-" "curl/7.77.0"
::1 - - [12/Apr/2022:15:01:15 +0000] "GET /app/flips/30/ HTTP/1.1" 200 283 "-" "curl/7.77.0"
::1 - - [12/Apr/2022:15:01:53 +0000] "GET /app/flip/coin/ HTTP/1.1" 404 23 "-" "curl/7.77.0"
::1 - - [12/Apr/2022:15:03:25 +0000] "GET /app/flip/call/heads/ HTTP/1.1" 200 46 "-" "curl/7.77.0"
::1 - - [18/Apr/2022:18:52:48 +0000] "GET /img/coin.png HTTP/1.1" 404 23 "http://localhost:3000/" "Mozilla/5.0 (Macintosh; Intel Mac OS X 10_15_7) AppleWebKit/537.36 (KHTML, like Gecko) Chrome/100.0.4896.60 Safari/537.36"
::1 - - [18/Apr/2022:18:52:53 +0000] "GET /app HTTP/1.1" 200 - "-" "Mozilla/5.0 (Macintosh; Intel Mac OS X 10_15_7) AppleWebKit/537.36 (KHTML, like Gecko) Chrome/100.0.4896.60 Safari/537.36"
::1 - - [18/Apr/2022:18:52:53 +0000] "GET /favicon.ico HTTP/1.1" 404 23 "http://localhost:3000/app" "Mozilla/5.0 (Macintosh; Intel Mac OS X 10_15_7) AppleWebKit/537.36 (KHTML, like Gecko) Chrome/100.0.4896.60 Safari/537.36"
::1 - - [18/Apr/2022:18:52:59 +0000] "GET /app/flip HTTP/1.1" 200 16 "-" "Mozilla/5.0 (Macintosh; Intel Mac OS X 10_15_7) AppleWebKit/537.36 (KHTML, like Gecko) Chrome/100.0.4896.60 Safari/537.36"
::1 - - [18/Apr/2022:18:53:03 +0000] "GET /app/flip HTTP/1.1" 200 16 "-" "Mozilla/5.0 (Macintosh; Intel Mac OS X 10_15_7) AppleWebKit/537.36 (KHTML, like Gecko) Chrome/100.0.4896.60 Safari/537.36"
::1 - - [18/Apr/2022:18:53:10 +0000] "GET /app/flips HTTP/1.1" 404 23 "-" "Mozilla/5.0 (Macintosh; Intel Mac OS X 10_15_7) AppleWebKit/537.36 (KHTML, like Gecko) Chrome/100.0.4896.60 Safari/537.36"
::1 - - [18/Apr/2022:18:53:17 +0000] "GET /img/coin.png HTTP/1.1" 404 23 "http://localhost:3000/" "Mozilla/5.0 (Macintosh; Intel Mac OS X 10_15_7) AppleWebKit/537.36 (KHTML, like Gecko) Chrome/100.0.4896.60 Safari/537.36"
::1 - - [18/Apr/2022:19:04:31 +0000] "GET /img/coin.png HTTP/1.1" 404 23 "http://localhost:3000/" "Mozilla/5.0 (Macintosh; Intel Mac OS X 10_15_7) AppleWebKit/537.36 (KHTML, like Gecko) Chrome/100.0.4896.60 Safari/537.36"
::1 - - [18/Apr/2022:19:04:32 +0000] "GET /img/coin.png HTTP/1.1" 404 23 "http://localhost:3000/" "Mozilla/5.0 (Macintosh; Intel Mac OS X 10_15_7) AppleWebKit/537.36 (KHTML, like Gecko) Chrome/100.0.4896.60 Safari/537.36"
::1 - - [18/Apr/2022:19:04:35 +0000] "GET /img/coin.png HTTP/1.1" 404 23 "http://localhost:3000/" "Mozilla/5.0 (Macintosh; Intel Mac OS X 10_15_7) AppleWebKit/537.36 (KHTML, like Gecko) Chrome/100.0.4896.60 Safari/537.36"
::1 - - [18/Apr/2022:19:19:42 +0000] "GET /img/coin.png HTTP/1.1" 404 23 "http://localhost:3000/" "Mozilla/5.0 (Macintosh; Intel Mac OS X 10_15_7) AppleWebKit/537.36 (KHTML, like Gecko) Chrome/100.0.4896.60 Safari/537.36"
::1 - - [18/Apr/2022:19:52:50 +0000] "GET /app/flip/ HTTP/1.1" 200 16 "http://localhost:3000/" "Mozilla/5.0 (Linux; Android 6.0; Nexus 5 Build/MRA58N) AppleWebKit/537.36 (KHTML, like Gecko) Chrome/100.0.4896.60 Mobile Safari/537.36"
::1 - - [18/Apr/2022:19:52:57 +0000] "GET /app/flip/ HTTP/1.1" 200 16 "http://localhost:3000/" "Mozilla/5.0 (Linux; Android 6.0; Nexus 5 Build/MRA58N) AppleWebKit/537.36 (KHTML, like Gecko) Chrome/100.0.4896.60 Mobile Safari/537.36"
::1 - - [18/Apr/2022:19:52:58 +0000] "GET /app/flip/ HTTP/1.1" 200 16 "http://localhost:3000/" "Mozilla/5.0 (Linux; Android 6.0; Nexus 5 Build/MRA58N) AppleWebKit/537.36 (KHTML, like Gecko) Chrome/100.0.4896.60 Mobile Safari/537.36"
::1 - - [18/Apr/2022:19:56:33 +0000] "GET /app/flip/ HTTP/1.1" 200 16 "http://localhost:3000/" "Mozilla/5.0 (Linux; Android 6.0; Nexus 5 Build/MRA58N) AppleWebKit/537.36 (KHTML, like Gecko) Chrome/100.0.4896.60 Mobile Safari/537.36"
::1 - - [18/Apr/2022:19:56:33 +0000] "GET /heads.png HTTP/1.1" 404 23 "http://localhost:3000/" "Mozilla/5.0 (Linux; Android 6.0; Nexus 5 Build/MRA58N) AppleWebKit/537.36 (KHTML, like Gecko) Chrome/100.0.4896.60 Mobile Safari/537.36"
::1 - - [18/Apr/2022:19:57:55 +0000] "GET /app/flips/ HTTP/1.1" 404 23 "-" "Mozilla/5.0 (Linux; Android 6.0; Nexus 5 Build/MRA58N) AppleWebKit/537.36 (KHTML, like Gecko) Chrome/100.0.4896.60 Mobile Safari/537.36"
::1 - - [18/Apr/2022:19:57:58 +0000] "GET /app/flip HTTP/1.1" 200 16 "-" "Mozilla/5.0 (Linux; Android 6.0; Nexus 5 Build/MRA58N) AppleWebKit/537.36 (KHTML, like Gecko) Chrome/100.0.4896.60 Mobile Safari/537.36"
::1 - - [18/Apr/2022:19:58:08 +0000] "GET /app/flip/ HTTP/1.1" 304 - "http://localhost:3000/" "Mozilla/5.0 (Linux; Android 6.0; Nexus 5 Build/MRA58N) AppleWebKit/537.36 (KHTML, like Gecko) Chrome/100.0.4896.60 Mobile Safari/537.36"
::1 - - [18/Apr/2022:19:58:08 +0000] "GET /heads.png HTTP/1.1" 404 23 "http://localhost:3000/" "Mozilla/5.0 (Linux; Android 6.0; Nexus 5 Build/MRA58N) AppleWebKit/537.36 (KHTML, like Gecko) Chrome/100.0.4896.60 Mobile Safari/537.36"
::1 - - [18/Apr/2022:20:00:18 +0000] "GET /app/flip/ HTTP/1.1" 200 16 "http://localhost:3000/" "Mozilla/5.0 (Linux; Android 6.0; Nexus 5 Build/MRA58N) AppleWebKit/537.36 (KHTML, like Gecko) Chrome/100.0.4896.60 Mobile Safari/537.36"
::1 - - [18/Apr/2022:20:00:40 +0000] "GET /app/flip/ HTTP/1.1" 304 - "http://localhost:3000/" "Mozilla/5.0 (Linux; Android 6.0; Nexus 5 Build/MRA58N) AppleWebKit/537.36 (KHTML, like Gecko) Chrome/100.0.4896.60 Mobile Safari/537.36"
::1 - - [18/Apr/2022:20:00:42 +0000] "GET /app/flip/ HTTP/1.1" 304 - "http://localhost:3000/" "Mozilla/5.0 (Linux; Android 6.0; Nexus 5 Build/MRA58N) AppleWebKit/537.36 (KHTML, like Gecko) Chrome/100.0.4896.60 Mobile Safari/537.36"
::1 - - [18/Apr/2022:20:00:43 +0000] "GET /app/flip/ HTTP/1.1" 200 16 "http://localhost:3000/" "Mozilla/5.0 (Linux; Android 6.0; Nexus 5 Build/MRA58N) AppleWebKit/537.36 (KHTML, like Gecko) Chrome/100.0.4896.60 Mobile Safari/537.36"
::1 - - [18/Apr/2022:20:00:44 +0000] "GET /app/flip/ HTTP/1.1" 304 - "http://localhost:3000/" "Mozilla/5.0 (Linux; Android 6.0; Nexus 5 Build/MRA58N) AppleWebKit/537.36 (KHTML, like Gecko) Chrome/100.0.4896.60 Mobile Safari/537.36"
::1 - - [18/Apr/2022:20:00:45 +0000] "GET /app/flip/ HTTP/1.1" 200 16 "http://localhost:3000/" "Mozilla/5.0 (Linux; Android 6.0; Nexus 5 Build/MRA58N) AppleWebKit/537.36 (KHTML, like Gecko) Chrome/100.0.4896.60 Mobile Safari/537.36"
::1 - - [18/Apr/2022:20:00:45 +0000] "GET /app/flip/ HTTP/1.1" 200 16 "http://localhost:3000/" "Mozilla/5.0 (Linux; Android 6.0; Nexus 5 Build/MRA58N) AppleWebKit/537.36 (KHTML, like Gecko) Chrome/100.0.4896.60 Mobile Safari/537.36"
::1 - - [18/Apr/2022:20:00:46 +0000] "GET /app/flip/ HTTP/1.1" 200 16 "http://localhost:3000/" "Mozilla/5.0 (Linux; Android 6.0; Nexus 5 Build/MRA58N) AppleWebKit/537.36 (KHTML, like Gecko) Chrome/100.0.4896.60 Mobile Safari/537.36"
::1 - - [18/Apr/2022:20:00:46 +0000] "GET /app/flip/ HTTP/1.1" 200 16 "http://localhost:3000/" "Mozilla/5.0 (Linux; Android 6.0; Nexus 5 Build/MRA58N) AppleWebKit/537.36 (KHTML, like Gecko) Chrome/100.0.4896.60 Mobile Safari/537.36"
::1 - - [18/Apr/2022:20:00:46 +0000] "GET /app/flip/ HTTP/1.1" 200 16 "http://localhost:3000/" "Mozilla/5.0 (Linux; Android 6.0; Nexus 5 Build/MRA58N) AppleWebKit/537.36 (KHTML, like Gecko) Chrome/100.0.4896.60 Mobile Safari/537.36"
::1 - - [18/Apr/2022:20:00:46 +0000] "GET /app/flip/ HTTP/1.1" 304 - "http://localhost:3000/" "Mozilla/5.0 (Linux; Android 6.0; Nexus 5 Build/MRA58N) AppleWebKit/537.36 (KHTML, like Gecko) Chrome/100.0.4896.60 Mobile Safari/537.36"
::1 - - [18/Apr/2022:20:00:47 +0000] "GET /app/flip/ HTTP/1.1" 200 16 "http://localhost:3000/" "Mozilla/5.0 (Linux; Android 6.0; Nexus 5 Build/MRA58N) AppleWebKit/537.36 (KHTML, like Gecko) Chrome/100.0.4896.60 Mobile Safari/537.36"
::1 - - [18/Apr/2022:20:00:47 +0000] "GET /app/flip/ HTTP/1.1" 304 - "http://localhost:3000/" "Mozilla/5.0 (Linux; Android 6.0; Nexus 5 Build/MRA58N) AppleWebKit/537.36 (KHTML, like Gecko) Chrome/100.0.4896.60 Mobile Safari/537.36"
::1 - - [18/Apr/2022:20:00:47 +0000] "GET /app/flip/ HTTP/1.1" 304 - "http://localhost:3000/" "Mozilla/5.0 (Linux; Android 6.0; Nexus 5 Build/MRA58N) AppleWebKit/537.36 (KHTML, like Gecko) Chrome/100.0.4896.60 Mobile Safari/537.36"
::1 - - [18/Apr/2022:20:03:33 +0000] "GET /app/flips/?number=4 HTTP/1.1" 404 23 "-" "Mozilla/5.0 (Linux; Android 6.0; Nexus 5 Build/MRA58N) AppleWebKit/537.36 (KHTML, like Gecko) Chrome/100.0.4896.60 Mobile Safari/537.36"
::1 - - [18/Apr/2022:20:03:52 +0000] "GET /app/flips/number=4 HTTP/1.1" 200 42 "-" "Mozilla/5.0 (Linux; Android 6.0; Nexus 5 Build/MRA58N) AppleWebKit/537.36 (KHTML, like Gecko) Chrome/100.0.4896.60 Mobile Safari/537.36"
::1 - - [18/Apr/2022:20:03:56 +0000] "GET /app/flips/number=4 HTTP/1.1" 304 - "-" "Mozilla/5.0 (Linux; Android 6.0; Nexus 5 Build/MRA58N) AppleWebKit/537.36 (KHTML, like Gecko) Chrome/100.0.4896.60 Mobile Safari/537.36"
::1 - - [18/Apr/2022:20:03:57 +0000] "GET /app/flips/number=4 HTTP/1.1" 304 - "-" "Mozilla/5.0 (Linux; Android 6.0; Nexus 5 Build/MRA58N) AppleWebKit/537.36 (KHTML, like Gecko) Chrome/100.0.4896.60 Mobile Safari/537.36"
::1 - - [18/Apr/2022:20:04:03 +0000] "GET /app/flips/number=5 HTTP/1.1" 200 42 "-" "Mozilla/5.0 (Linux; Android 6.0; Nexus 5 Build/MRA58N) AppleWebKit/537.36 (KHTML, like Gecko) Chrome/100.0.4896.60 Mobile Safari/537.36"
::1 - - [18/Apr/2022:20:05:42 +0000] "GET /app/flip/coins HTTP/1.1" 404 23 "-" "Mozilla/5.0 (Linux; Android 6.0; Nexus 5 Build/MRA58N) AppleWebKit/537.36 (KHTML, like Gecko) Chrome/100.0.4896.60 Mobile Safari/537.36"
::1 - - [18/Apr/2022:20:05:51 +0000] "GET /app/flip/coins/number=4 HTTP/1.1" 404 23 "-" "Mozilla/5.0 (Linux; Android 6.0; Nexus 5 Build/MRA58N) AppleWebKit/537.36 (KHTML, like Gecko) Chrome/100.0.4896.60 Mobile Safari/537.36"
::1 - - [18/Apr/2022:20:05:59 +0000] "GET /app/flip/coins/?number=4 HTTP/1.1" 404 23 "-" "Mozilla/5.0 (Linux; Android 6.0; Nexus 5 Build/MRA58N) AppleWebKit/537.36 (KHTML, like Gecko) Chrome/100.0.4896.60 Mobile Safari/537.36"
::1 - - [18/Apr/2022:20:09:46 +0000] "GET /app/flip/coins/ HTTP/1.1" 404 23 "-" "Mozilla/5.0 (Linux; Android 6.0; Nexus 5 Build/MRA58N) AppleWebKit/537.36 (KHTML, like Gecko) Chrome/100.0.4896.60 Mobile Safari/537.36"
::1 - - [18/Apr/2022:20:11:43 +0000] "GET /app/flips/number=5 HTTP/1.1" 304 - "-" "Mozilla/5.0 (Linux; Android 6.0; Nexus 5 Build/MRA58N) AppleWebKit/537.36 (KHTML, like Gecko) Chrome/100.0.4896.60 Mobile Safari/537.36"
::1 - - [18/Apr/2022:20:16:07 +0000] "GET /app/flips/30 HTTP/1.1" 200 283 "-" "curl/7.77.0"
::1 - - [18/Apr/2022:20:16:30 +0000] "GET /app/flips/30 HTTP/1.1" 200 283 "-" "Mozilla/5.0 (Linux; Android 6.0; Nexus 5 Build/MRA58N) AppleWebKit/537.36 (KHTML, like Gecko) Chrome/100.0.4896.60 Mobile Safari/537.36"
::1 - - [18/Apr/2022:20:19:08 +0000] "GET /3 HTTP/1.1" 404 23 "-" "Mozilla/5.0 (Linux; Android 6.0; Nexus 5 Build/MRA58N) AppleWebKit/537.36 (KHTML, like Gecko) Chrome/100.0.4896.60 Mobile Safari/537.36"
::1 - - [18/Apr/2022:20:22:06 +0000] "POST /app/flip/coins/ HTTP/1.1" 200 65 "http://localhost:3000/" "Mozilla/5.0 (Linux; Android 6.0; Nexus 5 Build/MRA58N) AppleWebKit/537.36 (KHTML, like Gecko) Chrome/100.0.4896.60 Mobile Safari/537.36"
::1 - - [18/Apr/2022:20:22:50 +0000] "POST /app/flip/coins/ HTTP/1.1" 200 81 "http://localhost:3000/" "Mozilla/5.0 (Linux; Android 6.0; Nexus 5 Build/MRA58N) AppleWebKit/537.36 (KHTML, like Gecko) Chrome/100.0.4896.60 Mobile Safari/537.36"
::1 - - [18/Apr/2022:20:22:51 +0000] "POST /app/flip/coins/ HTTP/1.1" 200 81 "http://localhost:3000/" "Mozilla/5.0 (Linux; Android 6.0; Nexus 5 Build/MRA58N) AppleWebKit/537.36 (KHTML, like Gecko) Chrome/100.0.4896.60 Mobile Safari/537.36"
::1 - - [18/Apr/2022:20:24:57 +0000] "POST /app/flip/coins/ HTTP/1.1" 200 81 "http://localhost:3000/" "Mozilla/5.0 (Linux; Android 6.0; Nexus 5 Build/MRA58N) AppleWebKit/537.36 (KHTML, like Gecko) Chrome/100.0.4896.60 Mobile Safari/537.36"
::1 - - [18/Apr/2022:21:03:30 +0000] "GET /app/flip/ HTTP/1.1" 200 16 "http://localhost:3000/" "Mozilla/5.0 (Macintosh; Intel Mac OS X 10_15_7) AppleWebKit/537.36 (KHTML, like Gecko) Chrome/100.0.4896.60 Safari/537.36"
::1 - - [18/Apr/2022:21:03:32 +0000] "GET /app/flip/ HTTP/1.1" 304 - "http://localhost:3000/" "Mozilla/5.0 (Macintosh; Intel Mac OS X 10_15_7) AppleWebKit/537.36 (KHTML, like Gecko) Chrome/100.0.4896.60 Safari/537.36"
::1 - - [18/Apr/2022:21:03:33 +0000] "GET /app/flip/ HTTP/1.1" 200 16 "http://localhost:3000/" "Mozilla/5.0 (Macintosh; Intel Mac OS X 10_15_7) AppleWebKit/537.36 (KHTML, like Gecko) Chrome/100.0.4896.60 Safari/537.36"
::1 - - [18/Apr/2022:21:03:34 +0000] "GET /app/flip/ HTTP/1.1" 200 16 "http://localhost:3000/" "Mozilla/5.0 (Macintosh; Intel Mac OS X 10_15_7) AppleWebKit/537.36 (KHTML, like Gecko) Chrome/100.0.4896.60 Safari/537.36"
::1 - - [18/Apr/2022:21:03:39 +0000] "POST /app/flip/coins/ HTTP/1.1" 200 89 "http://localhost:3000/" "Mozilla/5.0 (Macintosh; Intel Mac OS X 10_15_7) AppleWebKit/537.36 (KHTML, like Gecko) Chrome/100.0.4896.60 Safari/537.36"
::1 - - [18/Apr/2022:21:03:44 +0000] "POST /app/flip/coins/ HTTP/1.1" 200 89 "http://localhost:3000/" "Mozilla/5.0 (Macintosh; Intel Mac OS X 10_15_7) AppleWebKit/537.36 (KHTML, like Gecko) Chrome/100.0.4896.60 Safari/537.36"
::1 - - [18/Apr/2022:21:03:45 +0000] "POST /app/flip/coins/ HTTP/1.1" 200 89 "http://localhost:3000/" "Mozilla/5.0 (Macintosh; Intel Mac OS X 10_15_7) AppleWebKit/537.36 (KHTML, like Gecko) Chrome/100.0.4896.60 Safari/537.36"
::1 - - [18/Apr/2022:21:03:46 +0000] "POST /app/flip/coins/ HTTP/1.1" 200 89 "http://localhost:3000/" "Mozilla/5.0 (Macintosh; Intel Mac OS X 10_15_7) AppleWebKit/537.36 (KHTML, like Gecko) Chrome/100.0.4896.60 Safari/537.36"
::1 - - [18/Apr/2022:21:03:46 +0000] "POST /app/flip/coins/ HTTP/1.1" 200 89 "http://localhost:3000/" "Mozilla/5.0 (Macintosh; Intel Mac OS X 10_15_7) AppleWebKit/537.36 (KHTML, like Gecko) Chrome/100.0.4896.60 Safari/537.36"
::1 - - [18/Apr/2022:21:03:47 +0000] "POST /app/flip/coins/ HTTP/1.1" 200 89 "http://localhost:3000/" "Mozilla/5.0 (Macintosh; Intel Mac OS X 10_15_7) AppleWebKit/537.36 (KHTML, like Gecko) Chrome/100.0.4896.60 Safari/537.36"
::1 - - [18/Apr/2022:21:17:01 +0000] "GET /app/flip/call/[object%20HTMLParagraphElement] HTTP/1.1" 404 23 "http://localhost:3000/" "Mozilla/5.0 (Macintosh; Intel Mac OS X 10_15_7) AppleWebKit/537.36 (KHTML, like Gecko) Chrome/100.0.4896.60 Safari/537.36"
::1 - - [18/Apr/2022:21:17:27 +0000] "GET /app/flip/call/[object%20HTMLParagraphElement] HTTP/1.1" 404 23 "-" "Mozilla/5.0 (Macintosh; Intel Mac OS X 10_15_7) AppleWebKit/537.36 (KHTML, like Gecko) Chrome/100.0.4896.60 Safari/537.36"
::1 - - [18/Apr/2022:21:18:27 +0000] "GET /app/flip/call/heads HTTP/1.1" 200 46 "http://localhost:3000/" "Mozilla/5.0 (Linux; Android 6.0; Nexus 5 Build/MRA58N) AppleWebKit/537.36 (KHTML, like Gecko) Chrome/100.0.4896.60 Mobile Safari/537.36"
::1 - - [18/Apr/2022:21:18:45 +0000] "GET /app/flip/ HTTP/1.1" 304 - "http://localhost:3000/" "Mozilla/5.0 (Linux; Android 6.0; Nexus 5 Build/MRA58N) AppleWebKit/537.36 (KHTML, like Gecko) Chrome/100.0.4896.60 Mobile Safari/537.36"
::1 - - [18/Apr/2022:21:18:49 +0000] "POST /app/flip/coins/ HTTP/1.1" 200 73 "http://localhost:3000/" "Mozilla/5.0 (Linux; Android 6.0; Nexus 5 Build/MRA58N) AppleWebKit/537.36 (KHTML, like Gecko) Chrome/100.0.4896.60 Mobile Safari/537.36"
::1 - - [18/Apr/2022:21:18:51 +0000] "GET /app/flip/call/heads HTTP/1.1" 200 47 "http://localhost:3000/" "Mozilla/5.0 (Linux; Android 6.0; Nexus 5 Build/MRA58N) AppleWebKit/537.36 (KHTML, like Gecko) Chrome/100.0.4896.60 Mobile Safari/537.36"
::1 - - [18/Apr/2022:21:19:57 +0000] "GET /app/flip/call/heads HTTP/1.1" 200 46 "http://localhost:3000/" "Mozilla/5.0 (Linux; Android 6.0; Nexus 5 Build/MRA58N) AppleWebKit/537.36 (KHTML, like Gecko) Chrome/100.0.4896.60 Mobile Safari/537.36"
::1 - - [18/Apr/2022:21:19:58 +0000] "GET /app/flip/call/heads HTTP/1.1" 200 47 "http://localhost:3000/" "Mozilla/5.0 (Linux; Android 6.0; Nexus 5 Build/MRA58N) AppleWebKit/537.36 (KHTML, like Gecko) Chrome/100.0.4896.60 Mobile Safari/537.36"
::1 - - [18/Apr/2022:21:20:44 +0000] "GET /app/flip/call/heads HTTP/1.1" 304 - "http://localhost:3000/" "Mozilla/5.0 (Linux; Android 6.0; Nexus 5 Build/MRA58N) AppleWebKit/537.36 (KHTML, like Gecko) Chrome/100.0.4896.60 Mobile Safari/537.36"
::1 - - [18/Apr/2022:21:20:47 +0000] "GET /app/flip/call/heads HTTP/1.1" 200 46 "http://localhost:3000/" "Mozilla/5.0 (Linux; Android 6.0; Nexus 5 Build/MRA58N) AppleWebKit/537.36 (KHTML, like Gecko) Chrome/100.0.4896.60 Mobile Safari/537.36"
::1 - - [18/Apr/2022:21:23:43 +0000] "GET /app/flip/call/tails HTTP/1.1" 200 46 "http://localhost:3000/" "Mozilla/5.0 (Linux; Android 6.0; Nexus 5 Build/MRA58N) AppleWebKit/537.36 (KHTML, like Gecko) Chrome/100.0.4896.60 Mobile Safari/537.36"
::1 - - [18/Apr/2022:21:23:45 +0000] "GET /app/flip/call/heads HTTP/1.1" 200 47 "http://localhost:3000/" "Mozilla/5.0 (Linux; Android 6.0; Nexus 5 Build/MRA58N) AppleWebKit/537.36 (KHTML, like Gecko) Chrome/100.0.4896.60 Mobile Safari/537.36"
::1 - - [18/Apr/2022:21:23:46 +0000] "GET /app/flip/call/tails HTTP/1.1" 304 - "http://localhost:3000/" "Mozilla/5.0 (Linux; Android 6.0; Nexus 5 Build/MRA58N) AppleWebKit/537.36 (KHTML, like Gecko) Chrome/100.0.4896.60 Mobile Safari/537.36"
::1 - - [18/Apr/2022:21:23:47 +0000] "GET /app/flip/call/heads HTTP/1.1" 304 - "http://localhost:3000/" "Mozilla/5.0 (Linux; Android 6.0; Nexus 5 Build/MRA58N) AppleWebKit/537.36 (KHTML, like Gecko) Chrome/100.0.4896.60 Mobile Safari/537.36"
::1 - - [18/Apr/2022:21:23:48 +0000] "GET /app/flip/call/tails HTTP/1.1" 200 47 "http://localhost:3000/" "Mozilla/5.0 (Linux; Android 6.0; Nexus 5 Build/MRA58N) AppleWebKit/537.36 (KHTML, like Gecko) Chrome/100.0.4896.60 Mobile Safari/537.36"
::1 - - [18/Apr/2022:21:23:48 +0000] "GET /app/flip/call/heads HTTP/1.1" 200 46 "http://localhost:3000/" "Mozilla/5.0 (Linux; Android 6.0; Nexus 5 Build/MRA58N) AppleWebKit/537.36 (KHTML, like Gecko) Chrome/100.0.4896.60 Mobile Safari/537.36"
::1 - - [18/Apr/2022:21:25:29 +0000] "GET /app/flip/call/heads HTTP/1.1" 304 - "http://localhost:3000/" "Mozilla/5.0 (Linux; Android 6.0; Nexus 5 Build/MRA58N) AppleWebKit/537.36 (KHTML, like Gecko) Chrome/100.0.4896.60 Mobile Safari/537.36"
::1 - - [18/Apr/2022:21:25:31 +0000] "GET /app/flip/call/tails HTTP/1.1" 200 46 "http://localhost:3000/" "Mozilla/5.0 (Linux; Android 6.0; Nexus 5 Build/MRA58N) AppleWebKit/537.36 (KHTML, like Gecko) Chrome/100.0.4896.60 Mobile Safari/537.36"
::1 - - [18/Apr/2022:21:25:31 +0000] "GET /app/flip/call/heads HTTP/1.1" 304 - "http://localhost:3000/" "Mozilla/5.0 (Linux; Android 6.0; Nexus 5 Build/MRA58N) AppleWebKit/537.36 (KHTML, like Gecko) Chrome/100.0.4896.60 Mobile Safari/537.36"
::1 - - [18/Apr/2022:21:25:32 +0000] "GET /app/flip/call/tails HTTP/1.1" 200 47 "http://localhost:3000/" "Mozilla/5.0 (Linux; Android 6.0; Nexus 5 Build/MRA58N) AppleWebKit/537.36 (KHTML, like Gecko) Chrome/100.0.4896.60 Mobile Safari/537.36"
::1 - - [18/Apr/2022:21:25:32 +0000] "GET /app/flip/call/heads HTTP/1.1" 304 - "http://localhost:3000/" "Mozilla/5.0 (Linux; Android 6.0; Nexus 5 Build/MRA58N) AppleWebKit/537.36 (KHTML, like Gecko) Chrome/100.0.4896.60 Mobile Safari/537.36"
::1 - - [18/Apr/2022:21:25:33 +0000] "GET /app/flip/call/tails HTTP/1.1" 304 - "http://localhost:3000/" "Mozilla/5.0 (Linux; Android 6.0; Nexus 5 Build/MRA58N) AppleWebKit/537.36 (KHTML, like Gecko) Chrome/100.0.4896.60 Mobile Safari/537.36"
::1 - - [18/Apr/2022:21:25:33 +0000] "GET /app/flip/call/heads HTTP/1.1" 304 - "http://localhost:3000/" "Mozilla/5.0 (Linux; Android 6.0; Nexus 5 Build/MRA58N) AppleWebKit/537.36 (KHTML, like Gecko) Chrome/100.0.4896.60 Mobile Safari/537.36"
::1 - - [18/Apr/2022:21:28:29 +0000] "GET /app/flip/call/heads HTTP/1.1" 200 47 "http://localhost:3000/" "Mozilla/5.0 (Linux; Android 6.0; Nexus 5 Build/MRA58N) AppleWebKit/537.36 (KHTML, like Gecko) Chrome/100.0.4896.60 Mobile Safari/537.36"
::1 - - [18/Apr/2022:21:28:30 +0000] "GET /app/flip/call/tails HTTP/1.1" 304 - "http://localhost:3000/" "Mozilla/5.0 (Linux; Android 6.0; Nexus 5 Build/MRA58N) AppleWebKit/537.36 (KHTML, like Gecko) Chrome/100.0.4896.60 Mobile Safari/537.36"
::1 - - [18/Apr/2022:21:28:30 +0000] "GET /app/flip/call/heads HTTP/1.1" 304 - "http://localhost:3000/" "Mozilla/5.0 (Linux; Android 6.0; Nexus 5 Build/MRA58N) AppleWebKit/537.36 (KHTML, like Gecko) Chrome/100.0.4896.60 Mobile Safari/537.36"
::1 - - [18/Apr/2022:21:28:31 +0000] "GET /app/flip/call/tails HTTP/1.1" 200 46 "http://localhost:3000/" "Mozilla/5.0 (Linux; Android 6.0; Nexus 5 Build/MRA58N) AppleWebKit/537.36 (KHTML, like Gecko) Chrome/100.0.4896.60 Mobile Safari/537.36"
::1 - - [18/Apr/2022:21:28:31 +0000] "GET /app/flip/call/heads HTTP/1.1" 304 - "http://localhost:3000/" "Mozilla/5.0 (Linux; Android 6.0; Nexus 5 Build/MRA58N) AppleWebKit/537.36 (KHTML, like Gecko) Chrome/100.0.4896.60 Mobile Safari/537.36"
::1 - - [18/Apr/2022:21:28:31 +0000] "GET /app/flip/call/tails HTTP/1.1" 200 47 "http://localhost:3000/" "Mozilla/5.0 (Linux; Android 6.0; Nexus 5 Build/MRA58N) AppleWebKit/537.36 (KHTML, like Gecko) Chrome/100.0.4896.60 Mobile Safari/537.36"
::1 - - [18/Apr/2022:21:28:32 +0000] "GET /app/flip/call/heads HTTP/1.1" 200 46 "http://localhost:3000/" "Mozilla/5.0 (Linux; Android 6.0; Nexus 5 Build/MRA58N) AppleWebKit/537.36 (KHTML, like Gecko) Chrome/100.0.4896.60 Mobile Safari/537.36"
::1 - - [18/Apr/2022:21:28:32 +0000] "GET /app/flip/call/tails HTTP/1.1" 200 46 "http://localhost:3000/" "Mozilla/5.0 (Linux; Android 6.0; Nexus 5 Build/MRA58N) AppleWebKit/537.36 (KHTML, like Gecko) Chrome/100.0.4896.60 Mobile Safari/537.36"
::1 - - [18/Apr/2022:21:28:33 +0000] "GET /app/flip/call/heads HTTP/1.1" 200 47 "http://localhost:3000/" "Mozilla/5.0 (Linux; Android 6.0; Nexus 5 Build/MRA58N) AppleWebKit/537.36 (KHTML, like Gecko) Chrome/100.0.4896.60 Mobile Safari/537.36"
::1 - - [18/Apr/2022:21:28:33 +0000] "GET /app/flip/call/tails HTTP/1.1" 200 47 "http://localhost:3000/" "Mozilla/5.0 (Linux; Android 6.0; Nexus 5 Build/MRA58N) AppleWebKit/537.36 (KHTML, like Gecko) Chrome/100.0.4896.60 Mobile Safari/537.36"
::1 - - [18/Apr/2022:21:28:34 +0000] "GET /app/flip/call/heads HTTP/1.1" 304 - "http://localhost:3000/" "Mozilla/5.0 (Linux; Android 6.0; Nexus 5 Build/MRA58N) AppleWebKit/537.36 (KHTML, like Gecko) Chrome/100.0.4896.60 Mobile Safari/537.36"
::1 - - [19/Apr/2022:19:38:49 +0000] "GET /app/flip/ HTTP/1.1" 304 - "http://localhost:3000/" "Mozilla/5.0 (Macintosh; Intel Mac OS X 10_15_7) AppleWebKit/537.36 (KHTML, like Gecko) Chrome/100.0.4896.60 Safari/537.36"
::1 - - [19/Apr/2022:19:38:50 +0000] "GET /app/flip/ HTTP/1.1" 304 - "http://localhost:3000/" "Mozilla/5.0 (Macintosh; Intel Mac OS X 10_15_7) AppleWebKit/537.36 (KHTML, like Gecko) Chrome/100.0.4896.60 Safari/537.36"
::1 - - [19/Apr/2022:19:38:50 +0000] "GET /app/flip/ HTTP/1.1" 200 16 "http://localhost:3000/" "Mozilla/5.0 (Macintosh; Intel Mac OS X 10_15_7) AppleWebKit/537.36 (KHTML, like Gecko) Chrome/100.0.4896.60 Safari/537.36"
::1 - - [19/Apr/2022:19:38:51 +0000] "GET /app/flip/ HTTP/1.1" 200 16 "http://localhost:3000/" "Mozilla/5.0 (Macintosh; Intel Mac OS X 10_15_7) AppleWebKit/537.36 (KHTML, like Gecko) Chrome/100.0.4896.60 Safari/537.36"
::1 - - [19/Apr/2022:19:38:51 +0000] "GET /app/flip/ HTTP/1.1" 304 - "http://localhost:3000/" "Mozilla/5.0 (Macintosh; Intel Mac OS X 10_15_7) AppleWebKit/537.36 (KHTML, like Gecko) Chrome/100.0.4896.60 Safari/537.36"
::1 - - [19/Apr/2022:19:38:52 +0000] "GET /app/flip/ HTTP/1.1" 200 16 "http://localhost:3000/" "Mozilla/5.0 (Macintosh; Intel Mac OS X 10_15_7) AppleWebKit/537.36 (KHTML, like Gecko) Chrome/100.0.4896.60 Safari/537.36"
::1 - - [19/Apr/2022:19:38:52 +0000] "GET /app/flip/ HTTP/1.1" 304 - "http://localhost:3000/" "Mozilla/5.0 (Macintosh; Intel Mac OS X 10_15_7) AppleWebKit/537.36 (KHTML, like Gecko) Chrome/100.0.4896.60 Safari/537.36"
::1 - - [19/Apr/2022:19:38:52 +0000] "GET /app/flip/ HTTP/1.1" 200 16 "http://localhost:3000/" "Mozilla/5.0 (Macintosh; Intel Mac OS X 10_15_7) AppleWebKit/537.36 (KHTML, like Gecko) Chrome/100.0.4896.60 Safari/537.36"
::1 - - [19/Apr/2022:19:38:53 +0000] "GET /app/flip/ HTTP/1.1" 200 16 "http://localhost:3000/" "Mozilla/5.0 (Macintosh; Intel Mac OS X 10_15_7) AppleWebKit/537.36 (KHTML, like Gecko) Chrome/100.0.4896.60 Safari/537.36"
::1 - - [19/Apr/2022:19:38:53 +0000] "GET /app/flip/ HTTP/1.1" 200 16 "http://localhost:3000/" "Mozilla/5.0 (Macintosh; Intel Mac OS X 10_15_7) AppleWebKit/537.36 (KHTML, like Gecko) Chrome/100.0.4896.60 Safari/537.36"
::1 - - [19/Apr/2022:19:38:54 +0000] "GET /app/flip/ HTTP/1.1" 200 16 "http://localhost:3000/" "Mozilla/5.0 (Macintosh; Intel Mac OS X 10_15_7) AppleWebKit/537.36 (KHTML, like Gecko) Chrome/100.0.4896.60 Safari/537.36"
::1 - - [19/Apr/2022:19:38:54 +0000] "GET /app/flip/ HTTP/1.1" 304 - "http://localhost:3000/" "Mozilla/5.0 (Macintosh; Intel Mac OS X 10_15_7) AppleWebKit/537.36 (KHTML, like Gecko) Chrome/100.0.4896.60 Safari/537.36"
::1 - - [19/Apr/2022:19:39:00 +0000] "POST /app/flip/coins/ HTTP/1.1" 200 81 "http://localhost:3000/" "Mozilla/5.0 (Macintosh; Intel Mac OS X 10_15_7) AppleWebKit/537.36 (KHTML, like Gecko) Chrome/100.0.4896.60 Safari/537.36"
::1 - - [19/Apr/2022:19:39:02 +0000] "POST /app/flip/coins/ HTTP/1.1" 200 81 "http://localhost:3000/" "Mozilla/5.0 (Macintosh; Intel Mac OS X 10_15_7) AppleWebKit/537.36 (KHTML, like Gecko) Chrome/100.0.4896.60 Safari/537.36"
::1 - - [19/Apr/2022:19:39:03 +0000] "POST /app/flip/coins/ HTTP/1.1" 200 81 "http://localhost:3000/" "Mozilla/5.0 (Macintosh; Intel Mac OS X 10_15_7) AppleWebKit/537.36 (KHTML, like Gecko) Chrome/100.0.4896.60 Safari/537.36"
::1 - - [19/Apr/2022:19:39:05 +0000] "POST /app/flip/coins/ HTTP/1.1" 200 81 "http://localhost:3000/" "Mozilla/5.0 (Macintosh; Intel Mac OS X 10_15_7) AppleWebKit/537.36 (KHTML, like Gecko) Chrome/100.0.4896.60 Safari/537.36"
::1 - - [19/Apr/2022:19:39:05 +0000] "POST /app/flip/coins/ HTTP/1.1" 200 81 "http://localhost:3000/" "Mozilla/5.0 (Macintosh; Intel Mac OS X 10_15_7) AppleWebKit/537.36 (KHTML, like Gecko) Chrome/100.0.4896.60 Safari/537.36"
::1 - - [19/Apr/2022:19:39:05 +0000] "POST /app/flip/coins/ HTTP/1.1" 200 81 "http://localhost:3000/" "Mozilla/5.0 (Macintosh; Intel Mac OS X 10_15_7) AppleWebKit/537.36 (KHTML, like Gecko) Chrome/100.0.4896.60 Safari/537.36"
::1 - - [19/Apr/2022:19:39:10 +0000] "POST /app/flip/coins/ HTTP/1.1" 200 65 "http://localhost:3000/" "Mozilla/5.0 (Macintosh; Intel Mac OS X 10_15_7) AppleWebKit/537.36 (KHTML, like Gecko) Chrome/100.0.4896.60 Safari/537.36"
::1 - - [19/Apr/2022:19:39:11 +0000] "POST /app/flip/coins/ HTTP/1.1" 200 65 "http://localhost:3000/" "Mozilla/5.0 (Macintosh; Intel Mac OS X 10_15_7) AppleWebKit/537.36 (KHTML, like Gecko) Chrome/100.0.4896.60 Safari/537.36"
::1 - - [19/Apr/2022:19:39:11 +0000] "POST /app/flip/coins/ HTTP/1.1" 200 65 "http://localhost:3000/" "Mozilla/5.0 (Macintosh; Intel Mac OS X 10_15_7) AppleWebKit/537.36 (KHTML, like Gecko) Chrome/100.0.4896.60 Safari/537.36"
::1 - - [19/Apr/2022:19:39:11 +0000] "POST /app/flip/coins/ HTTP/1.1" 200 65 "http://localhost:3000/" "Mozilla/5.0 (Macintosh; Intel Mac OS X 10_15_7) AppleWebKit/537.36 (KHTML, like Gecko) Chrome/100.0.4896.60 Safari/537.36"
::1 - - [19/Apr/2022:19:39:13 +0000] "GET /app/flip/call/heads HTTP/1.1" 304 - "http://localhost:3000/" "Mozilla/5.0 (Macintosh; Intel Mac OS X 10_15_7) AppleWebKit/537.36 (KHTML, like Gecko) Chrome/100.0.4896.60 Safari/537.36"
::1 - - [19/Apr/2022:19:39:14 +0000] "GET /app/flip/call/tails HTTP/1.1" 304 - "http://localhost:3000/" "Mozilla/5.0 (Macintosh; Intel Mac OS X 10_15_7) AppleWebKit/537.36 (KHTML, like Gecko) Chrome/100.0.4896.60 Safari/537.36"
::1 - - [19/Apr/2022:19:39:15 +0000] "GET /app/flip/call/heads HTTP/1.1" 304 - "http://localhost:3000/" "Mozilla/5.0 (Macintosh; Intel Mac OS X 10_15_7) AppleWebKit/537.36 (KHTML, like Gecko) Chrome/100.0.4896.60 Safari/537.36"
::1 - - [19/Apr/2022:19:39:15 +0000] "GET /app/flip/call/tails HTTP/1.1" 200 46 "http://localhost:3000/" "Mozilla/5.0 (Macintosh; Intel Mac OS X 10_15_7) AppleWebKit/537.36 (KHTML, like Gecko) Chrome/100.0.4896.60 Safari/537.36"
::1 - - [19/Apr/2022:19:39:15 +0000] "GET /app/flip/call/heads HTTP/1.1" 304 - "http://localhost:3000/" "Mozilla/5.0 (Macintosh; Intel Mac OS X 10_15_7) AppleWebKit/537.36 (KHTML, like Gecko) Chrome/100.0.4896.60 Safari/537.36"
::1 - - [19/Apr/2022:19:40:21 +0000] "POST /app/flip/coins/ HTTP/1.1" 200 65 "http://localhost:3000/" "Mozilla/5.0 (Macintosh; Intel Mac OS X 10_15_7) AppleWebKit/537.36 (KHTML, like Gecko) Chrome/100.0.4896.60 Safari/537.36"
::1 - - [19/Apr/2022:19:40:25 +0000] "POST /app/flip/coins/ HTTP/1.1" 200 65 "http://localhost:3000/" "Mozilla/5.0 (Macintosh; Intel Mac OS X 10_15_7) AppleWebKit/537.36 (KHTML, like Gecko) Chrome/100.0.4896.60 Safari/537.36"
::1 - - [19/Apr/2022:19:40:26 +0000] "POST /app/flip/coins/ HTTP/1.1" 200 65 "http://localhost:3000/" "Mozilla/5.0 (Macintosh; Intel Mac OS X 10_15_7) AppleWebKit/537.36 (KHTML, like Gecko) Chrome/100.0.4896.60 Safari/537.36"
::1 - - [19/Apr/2022:19:40:26 +0000] "POST /app/flip/coins/ HTTP/1.1" 200 65 "http://localhost:3000/" "Mozilla/5.0 (Macintosh; Intel Mac OS X 10_15_7) AppleWebKit/537.36 (KHTML, like Gecko) Chrome/100.0.4896.60 Safari/537.36"
::1 - - [19/Apr/2022:19:40:26 +0000] "POST /app/flip/coins/ HTTP/1.1" 200 65 "http://localhost:3000/" "Mozilla/5.0 (Macintosh; Intel Mac OS X 10_15_7) AppleWebKit/537.36 (KHTML, like Gecko) Chrome/100.0.4896.60 Safari/537.36"
::1 - - [19/Apr/2022:19:40:27 +0000] "POST /app/flip/coins/ HTTP/1.1" 200 65 "http://localhost:3000/" "Mozilla/5.0 (Macintosh; Intel Mac OS X 10_15_7) AppleWebKit/537.36 (KHTML, like Gecko) Chrome/100.0.4896.60 Safari/537.36"
::1 - - [19/Apr/2022:19:40:27 +0000] "POST /app/flip/coins/ HTTP/1.1" 200 65 "http://localhost:3000/" "Mozilla/5.0 (Macintosh; Intel Mac OS X 10_15_7) AppleWebKit/537.36 (KHTML, like Gecko) Chrome/100.0.4896.60 Safari/537.36"
::1 - - [19/Apr/2022:19:40:27 +0000] "POST /app/flip/coins/ HTTP/1.1" 200 65 "http://localhost:3000/" "Mozilla/5.0 (Macintosh; Intel Mac OS X 10_15_7) AppleWebKit/537.36 (KHTML, like Gecko) Chrome/100.0.4896.60 Safari/537.36"
::1 - - [19/Apr/2022:19:40:27 +0000] "POST /app/flip/coins/ HTTP/1.1" 200 65 "http://localhost:3000/" "Mozilla/5.0 (Macintosh; Intel Mac OS X 10_15_7) AppleWebKit/537.36 (KHTML, like Gecko) Chrome/100.0.4896.60 Safari/537.36"
::1 - - [19/Apr/2022:19:41:55 +0000] "POST /app/flip/coins/ HTTP/1.1" 200 65 "http://localhost:3000/" "Mozilla/5.0 (Linux; Android 6.0; Nexus 5 Build/MRA58N) AppleWebKit/537.36 (KHTML, like Gecko) Chrome/100.0.4896.60 Mobile Safari/537.36"
::1 - - [19/Apr/2022:19:41:58 +0000] "POST /app/flip/coins/ HTTP/1.1" 200 65 "http://localhost:3000/" "Mozilla/5.0 (Linux; Android 6.0; Nexus 5 Build/MRA58N) AppleWebKit/537.36 (KHTML, like Gecko) Chrome/100.0.4896.60 Mobile Safari/537.36"
::1 - - [19/Apr/2022:19:41:59 +0000] "POST /app/flip/coins/ HTTP/1.1" 200 65 "http://localhost:3000/" "Mozilla/5.0 (Linux; Android 6.0; Nexus 5 Build/MRA58N) AppleWebKit/537.36 (KHTML, like Gecko) Chrome/100.0.4896.60 Mobile Safari/537.36"
::1 - - [19/Apr/2022:19:42:02 +0000] "POST /app/flip/coins/ HTTP/1.1" 200 65 "http://localhost:3000/" "Mozilla/5.0 (Linux; Android 6.0; Nexus 5 Build/MRA58N) AppleWebKit/537.36 (KHTML, like Gecko) Chrome/100.0.4896.60 Mobile Safari/537.36"
::1 - - [19/Apr/2022:19:42:08 +0000] "POST /app/flip/coins/ HTTP/1.1" 200 42 "http://localhost:3000/" "Mozilla/5.0 (Linux; Android 6.0; Nexus 5 Build/MRA58N) AppleWebKit/537.36 (KHTML, like Gecko) Chrome/100.0.4896.60 Mobile Safari/537.36"
::1 - - [19/Apr/2022:19:43:12 +0000] "POST /app/flip/coins/ HTTP/1.1" 200 42 "http://localhost:3000/" "Mozilla/5.0 (Linux; Android 6.0; Nexus 5 Build/MRA58N) AppleWebKit/537.36 (KHTML, like Gecko) Chrome/100.0.4896.60 Mobile Safari/537.36"
::1 - - [19/Apr/2022:19:43:15 +0000] "POST /app/flip/coins/ HTTP/1.1" 200 42 "http://localhost:3000/" "Mozilla/5.0 (Linux; Android 6.0; Nexus 5 Build/MRA58N) AppleWebKit/537.36 (KHTML, like Gecko) Chrome/100.0.4896.60 Mobile Safari/537.36"
::1 - - [19/Apr/2022:19:43:18 +0000] "POST /app/flip/coins/ HTTP/1.1" 200 42 "http://localhost:3000/" "Mozilla/5.0 (Linux; Android 6.0; Nexus 5 Build/MRA58N) AppleWebKit/537.36 (KHTML, like Gecko) Chrome/100.0.4896.60 Mobile Safari/537.36"
::1 - - [19/Apr/2022:19:43:21 +0000] "POST /app/flip/coins/ HTTP/1.1" 200 42 "http://localhost:3000/" "Mozilla/5.0 (Linux; Android 6.0; Nexus 5 Build/MRA58N) AppleWebKit/537.36 (KHTML, like Gecko) Chrome/100.0.4896.60 Mobile Safari/537.36"
::1 - - [19/Apr/2022:19:43:23 +0000] "POST /app/flip/coins/ HTTP/1.1" 200 81 "http://localhost:3000/" "Mozilla/5.0 (Linux; Android 6.0; Nexus 5 Build/MRA58N) AppleWebKit/537.36 (KHTML, like Gecko) Chrome/100.0.4896.60 Mobile Safari/537.36"
::1 - - [19/Apr/2022:19:43:30 +0000] "POST /app/flip/coins/ HTTP/1.1" 200 81 "http://localhost:3000/" "Mozilla/5.0 (Linux; Android 6.0; Nexus 5 Build/MRA58N) AppleWebKit/537.36 (KHTML, like Gecko) Chrome/100.0.4896.60 Mobile Safari/537.36"
::1 - - [19/Apr/2022:19:43:32 +0000] "POST /app/flip/coins/ HTTP/1.1" 200 89 "http://localhost:3000/" "Mozilla/5.0 (Linux; Android 6.0; Nexus 5 Build/MRA58N) AppleWebKit/537.36 (KHTML, like Gecko) Chrome/100.0.4896.60 Mobile Safari/537.36"
::1 - - [19/Apr/2022:19:45:03 +0000] "POST /app/flip/coins/ HTTP/1.1" 200 42 "http://localhost:3000/" "Mozilla/5.0 (Linux; Android 6.0; Nexus 5 Build/MRA58N) AppleWebKit/537.36 (KHTML, like Gecko) Chrome/100.0.4896.60 Mobile Safari/537.36"
::1 - - [19/Apr/2022:19:45:04 +0000] "POST /app/flip/coins/ HTTP/1.1" 200 89 "http://localhost:3000/" "Mozilla/5.0 (Linux; Android 6.0; Nexus 5 Build/MRA58N) AppleWebKit/537.36 (KHTML, like Gecko) Chrome/100.0.4896.60 Mobile Safari/537.36"
::1 - - [19/Apr/2022:19:45:05 +0000] "POST /app/flip/coins/ HTTP/1.1" 200 89 "http://localhost:3000/" "Mozilla/5.0 (Linux; Android 6.0; Nexus 5 Build/MRA58N) AppleWebKit/537.36 (KHTML, like Gecko) Chrome/100.0.4896.60 Mobile Safari/537.36"
::1 - - [19/Apr/2022:19:45:05 +0000] "POST /app/flip/coins/ HTTP/1.1" 200 89 "http://localhost:3000/" "Mozilla/5.0 (Linux; Android 6.0; Nexus 5 Build/MRA58N) AppleWebKit/537.36 (KHTML, like Gecko) Chrome/100.0.4896.60 Mobile Safari/537.36"
::1 - - [19/Apr/2022:19:45:05 +0000] "POST /app/flip/coins/ HTTP/1.1" 200 89 "http://localhost:3000/" "Mozilla/5.0 (Linux; Android 6.0; Nexus 5 Build/MRA58N) AppleWebKit/537.36 (KHTML, like Gecko) Chrome/100.0.4896.60 Mobile Safari/537.36"
::1 - - [19/Apr/2022:19:45:06 +0000] "POST /app/flip/coins/ HTTP/1.1" 200 89 "http://localhost:3000/" "Mozilla/5.0 (Linux; Android 6.0; Nexus 5 Build/MRA58N) AppleWebKit/537.36 (KHTML, like Gecko) Chrome/100.0.4896.60 Mobile Safari/537.36"
::1 - - [19/Apr/2022:19:45:07 +0000] "POST /app/flip/coins/ HTTP/1.1" 200 89 "http://localhost:3000/" "Mozilla/5.0 (Linux; Android 6.0; Nexus 5 Build/MRA58N) AppleWebKit/537.36 (KHTML, like Gecko) Chrome/100.0.4896.60 Mobile Safari/537.36"
::1 - - [19/Apr/2022:19:50:32 +0000] "POST /app/flip/coins/ HTTP/1.1" 200 81 "http://localhost:3000/" "Mozilla/5.0 (Linux; Android 6.0; Nexus 5 Build/MRA58N) AppleWebKit/537.36 (KHTML, like Gecko) Chrome/100.0.4896.60 Mobile Safari/537.36"
::1 - - [19/Apr/2022:19:50:34 +0000] "POST /app/flip/coins/ HTTP/1.1" 200 81 "http://localhost:3000/" "Mozilla/5.0 (Linux; Android 6.0; Nexus 5 Build/MRA58N) AppleWebKit/537.36 (KHTML, like Gecko) Chrome/100.0.4896.60 Mobile Safari/537.36"
::1 - - [19/Apr/2022:19:52:44 +0000] "POST /app/flip/coins/ HTTP/1.1" 200 89 "http://localhost:3000/" "Mozilla/5.0 (Linux; Android 6.0; Nexus 5 Build/MRA58N) AppleWebKit/537.36 (KHTML, like Gecko) Chrome/100.0.4896.60 Mobile Safari/537.36"
::1 - - [19/Apr/2022:19:58:39 +0000] "POST /app/flip/coins/ HTTP/1.1" 200 89 "http://localhost:3000/" "Mozilla/5.0 (Linux; Android 6.0; Nexus 5 Build/MRA58N) AppleWebKit/537.36 (KHTML, like Gecko) Chrome/100.0.4896.60 Mobile Safari/537.36"
::1 - - [19/Apr/2022:19:58:40 +0000] "POST /app/flip/coins/ HTTP/1.1" 200 89 "http://localhost:3000/" "Mozilla/5.0 (Linux; Android 6.0; Nexus 5 Build/MRA58N) AppleWebKit/537.36 (KHTML, like Gecko) Chrome/100.0.4896.60 Mobile Safari/537.36"
::1 - - [19/Apr/2022:20:00:00 +0000] "POST /app/flip/coins/ HTTP/1.1" 200 89 "http://localhost:3000/" "Mozilla/5.0 (Linux; Android 6.0; Nexus 5 Build/MRA58N) AppleWebKit/537.36 (KHTML, like Gecko) Chrome/100.0.4896.60 Mobile Safari/537.36"
::1 - - [19/Apr/2022:20:00:03 +0000] "POST /app/flip/coins/ HTTP/1.1" 200 89 "http://localhost:3000/" "Mozilla/5.0 (Linux; Android 6.0; Nexus 5 Build/MRA58N) AppleWebKit/537.36 (KHTML, like Gecko) Chrome/100.0.4896.60 Mobile Safari/537.36"
::1 - - [19/Apr/2022:20:00:06 +0000] "POST /app/flip/coins/ HTTP/1.1" 200 89 "http://localhost:3000/" "Mozilla/5.0 (Linux; Android 6.0; Nexus 5 Build/MRA58N) AppleWebKit/537.36 (KHTML, like Gecko) Chrome/100.0.4896.60 Mobile Safari/537.36"
::1 - - [19/Apr/2022:20:04:01 +0000] "POST /app/flip/coins/ HTTP/1.1" 200 89 "http://localhost:3000/" "Mozilla/5.0 (Linux; Android 6.0; Nexus 5 Build/MRA58N) AppleWebKit/537.36 (KHTML, like Gecko) Chrome/100.0.4896.60 Mobile Safari/537.36"
::1 - - [19/Apr/2022:20:07:27 +0000] "POST /app/flip/coins/ HTTP/1.1" 200 81 "http://localhost:3000/" "Mozilla/5.0 (Linux; Android 6.0; Nexus 5 Build/MRA58N) AppleWebKit/537.36 (KHTML, like Gecko) Chrome/100.0.4896.60 Mobile Safari/537.36"
::1 - - [19/Apr/2022:20:08:56 +0000] "POST /app/flip/coins/ HTTP/1.1" 200 89 "http://localhost:3000/" "Mozilla/5.0 (Linux; Android 6.0; Nexus 5 Build/MRA58N) AppleWebKit/537.36 (KHTML, like Gecko) Chrome/100.0.4896.60 Mobile Safari/537.36"
::1 - - [19/Apr/2022:20:09:44 +0000] "GET /app/flip/ HTTP/1.1" 304 - "http://localhost:3000/" "Mozilla/5.0 (Macintosh; Intel Mac OS X 10_15_7) AppleWebKit/537.36 (KHTML, like Gecko) Chrome/100.0.4896.60 Safari/537.36"
::1 - - [19/Apr/2022:20:09:50 +0000] "GET /app/flip/ HTTP/1.1" 200 16 "http://localhost:3000/" "Mozilla/5.0 (Macintosh; Intel Mac OS X 10_15_7) AppleWebKit/537.36 (KHTML, like Gecko) Chrome/100.0.4896.60 Safari/537.36"
::1 - - [19/Apr/2022:20:10:05 +0000] "POST /app/flip/coins/ HTTP/1.1" 200 619 "http://localhost:3000/" "Mozilla/5.0 (Macintosh; Intel Mac OS X 10_15_7) AppleWebKit/537.36 (KHTML, like Gecko) Chrome/100.0.4896.60 Safari/537.36"
::1 - - [19/Apr/2022:20:10:21 +0000] "POST /app/flip/coins/ HTTP/1.1" 200 1243 "http://localhost:3000/" "Mozilla/5.0 (Macintosh; Intel Mac OS X 10_15_7) AppleWebKit/537.36 (KHTML, like Gecko) Chrome/100.0.4896.60 Safari/537.36"
::1 - - [19/Apr/2022:20:10:40 +0000] "GET /app/flip/call/tails HTTP/1.1" 304 - "http://localhost:3000/" "Mozilla/5.0 (Macintosh; Intel Mac OS X 10_15_7) AppleWebKit/537.36 (KHTML, like Gecko) Chrome/100.0.4896.60 Safari/537.36"
::1 - - [19/Apr/2022:20:10:50 +0000] "GET /app/flip/call/heads HTTP/1.1" 304 - "http://localhost:3000/" "Mozilla/5.0 (Macintosh; Intel Mac OS X 10_15_7) AppleWebKit/537.36 (KHTML, like Gecko) Chrome/100.0.4896.60 Safari/537.36"
::1 - - [19/Apr/2022:20:10:51 +0000] "GET /app/flip/call/heads HTTP/1.1" 304 - "http://localhost:3000/" "Mozilla/5.0 (Macintosh; Intel Mac OS X 10_15_7) AppleWebKit/537.36 (KHTML, like Gecko) Chrome/100.0.4896.60 Safari/537.36"
::1 - - [19/Apr/2022:20:10:51 +0000] "GET /app/flip/call/heads HTTP/1.1" 200 46 "http://localhost:3000/" "Mozilla/5.0 (Macintosh; Intel Mac OS X 10_15_7) AppleWebKit/537.36 (KHTML, like Gecko) Chrome/100.0.4896.60 Safari/537.36"
::1 - - [19/Apr/2022:20:10:52 +0000] "GET /app/flip/call/heads HTTP/1.1" 200 47 "http://localhost:3000/" "Mozilla/5.0 (Macintosh; Intel Mac OS X 10_15_7) AppleWebKit/537.36 (KHTML, like Gecko) Chrome/100.0.4896.60 Safari/537.36"
::1 - - [19/Apr/2022:20:10:53 +0000] "GET /app/flip/call/heads HTTP/1.1" 304 - "http://localhost:3000/" "Mozilla/5.0 (Macintosh; Intel Mac OS X 10_15_7) AppleWebKit/537.36 (KHTML, like Gecko) Chrome/100.0.4896.60 Safari/537.36"
::1 - - [19/Apr/2022:20:10:54 +0000] "GET /app/flip/call/heads HTTP/1.1" 200 46 "http://localhost:3000/" "Mozilla/5.0 (Macintosh; Intel Mac OS X 10_15_7) AppleWebKit/537.36 (KHTML, like Gecko) Chrome/100.0.4896.60 Safari/537.36"
::1 - - [19/Apr/2022:20:10:55 +0000] "GET /app/flip/call/tails HTTP/1.1" 304 - "http://localhost:3000/" "Mozilla/5.0 (Macintosh; Intel Mac OS X 10_15_7) AppleWebKit/537.36 (KHTML, like Gecko) Chrome/100.0.4896.60 Safari/537.36"
::1 - - [19/Apr/2022:20:10:56 +0000] "GET /app/flip/call/heads HTTP/1.1" 304 - "http://localhost:3000/" "Mozilla/5.0 (Macintosh; Intel Mac OS X 10_15_7) AppleWebKit/537.36 (KHTML, like Gecko) Chrome/100.0.4896.60 Safari/537.36"
::1 - - [19/Apr/2022:20:10:56 +0000] "GET /app/flip/call/tails HTTP/1.1" 304 - "http://localhost:3000/" "Mozilla/5.0 (Macintosh; Intel Mac OS X 10_15_7) AppleWebKit/537.36 (KHTML, like Gecko) Chrome/100.0.4896.60 Safari/537.36"
::1 - - [19/Apr/2022:20:10:57 +0000] "GET /app/flip/call/heads HTTP/1.1" 304 - "http://localhost:3000/" "Mozilla/5.0 (Macintosh; Intel Mac OS X 10_15_7) AppleWebKit/537.36 (KHTML, like Gecko) Chrome/100.0.4896.60 Safari/537.36"
::1 - - [19/Apr/2022:20:12:07 +0000] "GET /app/flip/call/heads HTTP/1.1" 200 47 "http://localhost:3000/" "Mozilla/5.0 (Macintosh; Intel Mac OS X 10_15_7) AppleWebKit/537.36 (KHTML, like Gecko) Chrome/100.0.4896.60 Safari/537.36"
::1 - - [19/Apr/2022:20:12:08 +0000] "GET /app/flip/call/heads HTTP/1.1" 200 46 "http://localhost:3000/" "Mozilla/5.0 (Macintosh; Intel Mac OS X 10_15_7) AppleWebKit/537.36 (KHTML, like Gecko) Chrome/100.0.4896.60 Safari/537.36"
::1 - - [19/Apr/2022:20:12:09 +0000] "GET /app/flip/call/tails HTTP/1.1" 200 47 "http://localhost:3000/" "Mozilla/5.0 (Macintosh; Intel Mac OS X 10_15_7) AppleWebKit/537.36 (KHTML, like Gecko) Chrome/100.0.4896.60 Safari/537.36"
::1 - - [19/Apr/2022:20:12:09 +0000] "GET /app/flip/call/heads HTTP/1.1" 200 47 "http://localhost:3000/" "Mozilla/5.0 (Macintosh; Intel Mac OS X 10_15_7) AppleWebKit/537.36 (KHTML, like Gecko) Chrome/100.0.4896.60 Safari/537.36"
::1 - - [19/Apr/2022:20:12:10 +0000] "GET /app/flip/call/tails HTTP/1.1" 200 46 "http://localhost:3000/" "Mozilla/5.0 (Macintosh; Intel Mac OS X 10_15_7) AppleWebKit/537.36 (KHTML, like Gecko) Chrome/100.0.4896.60 Safari/537.36"
::1 - - [19/Apr/2022:20:12:11 +0000] "GET /app/flip/call/heads HTTP/1.1" 200 46 "http://localhost:3000/" "Mozilla/5.0 (Macintosh; Intel Mac OS X 10_15_7) AppleWebKit/537.36 (KHTML, like Gecko) Chrome/100.0.4896.60 Safari/537.36"
::1 - - [19/Apr/2022:20:12:13 +0000] "GET /app/flip/ HTTP/1.1" 304 - "http://localhost:3000/" "Mozilla/5.0 (Macintosh; Intel Mac OS X 10_15_7) AppleWebKit/537.36 (KHTML, like Gecko) Chrome/100.0.4896.60 Safari/537.36"
::1 - - [19/Apr/2022:20:12:14 +0000] "GET /app/flip/ HTTP/1.1" 304 - "http://localhost:3000/" "Mozilla/5.0 (Macintosh; Intel Mac OS X 10_15_7) AppleWebKit/537.36 (KHTML, like Gecko) Chrome/100.0.4896.60 Safari/537.36"
::1 - - [19/Apr/2022:20:12:15 +0000] "GET /app/flip/ HTTP/1.1" 304 - "http://localhost:3000/" "Mozilla/5.0 (Macintosh; Intel Mac OS X 10_15_7) AppleWebKit/537.36 (KHTML, like Gecko) Chrome/100.0.4896.60 Safari/537.36"
::1 - - [19/Apr/2022:20:12:15 +0000] "GET /app/flip/ HTTP/1.1" 304 - "http://localhost:3000/" "Mozilla/5.0 (Macintosh; Intel Mac OS X 10_15_7) AppleWebKit/537.36 (KHTML, like Gecko) Chrome/100.0.4896.60 Safari/537.36"
::1 - - [19/Apr/2022:20:12:15 +0000] "GET /app/flip/ HTTP/1.1" 200 16 "http://localhost:3000/" "Mozilla/5.0 (Macintosh; Intel Mac OS X 10_15_7) AppleWebKit/537.36 (KHTML, like Gecko) Chrome/100.0.4896.60 Safari/537.36"
::1 - - [19/Apr/2022:20:12:15 +0000] "GET /app/flip/ HTTP/1.1" 200 16 "http://localhost:3000/" "Mozilla/5.0 (Macintosh; Intel Mac OS X 10_15_7) AppleWebKit/537.36 (KHTML, like Gecko) Chrome/100.0.4896.60 Safari/537.36"
::1 - - [19/Apr/2022:20:12:16 +0000] "GET /app/flip/ HTTP/1.1" 304 - "http://localhost:3000/" "Mozilla/5.0 (Macintosh; Intel Mac OS X 10_15_7) AppleWebKit/537.36 (KHTML, like Gecko) Chrome/100.0.4896.60 Safari/537.36"
::1 - - [19/Apr/2022:20:12:16 +0000] "GET /app/flip/ HTTP/1.1" 304 - "http://localhost:3000/" "Mozilla/5.0 (Macintosh; Intel Mac OS X 10_15_7) AppleWebKit/537.36 (KHTML, like Gecko) Chrome/100.0.4896.60 Safari/537.36"
::1 - - [19/Apr/2022:20:12:16 +0000] "GET /app/flip/ HTTP/1.1" 200 16 "http://localhost:3000/" "Mozilla/5.0 (Macintosh; Intel Mac OS X 10_15_7) AppleWebKit/537.36 (KHTML, like Gecko) Chrome/100.0.4896.60 Safari/537.36"
::1 - - [19/Apr/2022:20:12:16 +0000] "GET /app/flip/ HTTP/1.1" 200 16 "http://localhost:3000/" "Mozilla/5.0 (Macintosh; Intel Mac OS X 10_15_7) AppleWebKit/537.36 (KHTML, like Gecko) Chrome/100.0.4896.60 Safari/537.36"
::1 - - [19/Apr/2022:20:12:17 +0000] "GET /app/flip/ HTTP/1.1" 200 16 "http://localhost:3000/" "Mozilla/5.0 (Macintosh; Intel Mac OS X 10_15_7) AppleWebKit/537.36 (KHTML, like Gecko) Chrome/100.0.4896.60 Safari/537.36"
::1 - - [19/Apr/2022:20:12:17 +0000] "GET /app/flip/ HTTP/1.1" 304 - "http://localhost:3000/" "Mozilla/5.0 (Macintosh; Intel Mac OS X 10_15_7) AppleWebKit/537.36 (KHTML, like Gecko) Chrome/100.0.4896.60 Safari/537.36"
::1 - - [19/Apr/2022:20:12:17 +0000] "GET /app/flip/ HTTP/1.1" 200 16 "http://localhost:3000/" "Mozilla/5.0 (Macintosh; Intel Mac OS X 10_15_7) AppleWebKit/537.36 (KHTML, like Gecko) Chrome/100.0.4896.60 Safari/537.36"
::1 - - [19/Apr/2022:20:12:17 +0000] "GET /app/flip/ HTTP/1.1" 304 - "http://localhost:3000/" "Mozilla/5.0 (Macintosh; Intel Mac OS X 10_15_7) AppleWebKit/537.36 (KHTML, like Gecko) Chrome/100.0.4896.60 Safari/537.36"
::1 - - [19/Apr/2022:20:12:43 +0000] "POST /app/flip/coins/ HTTP/1.1" 200 177 "http://localhost:3000/" "Mozilla/5.0 (Macintosh; Intel Mac OS X 10_15_7) AppleWebKit/537.36 (KHTML, like Gecko) Chrome/100.0.4896.60 Safari/537.36"
::1 - - [19/Apr/2022:20:12:44 +0000] "POST /app/flip/coins/ HTTP/1.1" 200 177 "http://localhost:3000/" "Mozilla/5.0 (Macintosh; Intel Mac OS X 10_15_7) AppleWebKit/537.36 (KHTML, like Gecko) Chrome/100.0.4896.60 Safari/537.36"
::1 - - [19/Apr/2022:20:16:48 +0000] "GET /app/flip/call/tails HTTP/1.1" 200 47 "http://localhost:3000/" "Mozilla/5.0 (Macintosh; Intel Mac OS X 10_15_7) AppleWebKit/537.36 (KHTML, like Gecko) Chrome/100.0.4896.60 Safari/537.36"
::1 - - [19/Apr/2022:20:16:48 +0000] "GET /app/flip/call/heads HTTP/1.1" 304 - "http://localhost:3000/" "Mozilla/5.0 (Macintosh; Intel Mac OS X 10_15_7) AppleWebKit/537.36 (KHTML, like Gecko) Chrome/100.0.4896.60 Safari/537.36"
::1 - - [19/Apr/2022:20:16:49 +0000] "GET /app/flip/call/tails HTTP/1.1" 200 46 "http://localhost:3000/" "Mozilla/5.0 (Macintosh; Intel Mac OS X 10_15_7) AppleWebKit/537.36 (KHTML, like Gecko) Chrome/100.0.4896.60 Safari/537.36"
::1 - - [19/Apr/2022:20:16:49 +0000] "GET /app/flip/call/heads HTTP/1.1" 304 - "http://localhost:3000/" "Mozilla/5.0 (Macintosh; Intel Mac OS X 10_15_7) AppleWebKit/537.36 (KHTML, like Gecko) Chrome/100.0.4896.60 Safari/537.36"
::1 - - [19/Apr/2022:20:16:50 +0000] "GET /app/flip/call/tails HTTP/1.1" 304 - "http://localhost:3000/" "Mozilla/5.0 (Macintosh; Intel Mac OS X 10_15_7) AppleWebKit/537.36 (KHTML, like Gecko) Chrome/100.0.4896.60 Safari/537.36"
::1 - - [19/Apr/2022:20:16:50 +0000] "GET /app/flip/call/heads HTTP/1.1" 200 47 "http://localhost:3000/" "Mozilla/5.0 (Macintosh; Intel Mac OS X 10_15_7) AppleWebKit/537.36 (KHTML, like Gecko) Chrome/100.0.4896.60 Safari/537.36"
::1 - - [19/Apr/2022:20:16:53 +0000] "GET /app/flip/call/tails HTTP/1.1" 304 - "http://localhost:3000/" "Mozilla/5.0 (Macintosh; Intel Mac OS X 10_15_7) AppleWebKit/537.36 (KHTML, like Gecko) Chrome/100.0.4896.60 Safari/537.36"
::1 - - [19/Apr/2022:20:16:54 +0000] "GET /app/flip/call/heads HTTP/1.1" 200 46 "http://localhost:3000/" "Mozilla/5.0 (Macintosh; Intel Mac OS X 10_15_7) AppleWebKit/537.36 (KHTML, like Gecko) Chrome/100.0.4896.60 Safari/537.36"
::1 - - [19/Apr/2022:20:16:54 +0000] "GET /app/flip/call/tails HTTP/1.1" 304 - "http://localhost:3000/" "Mozilla/5.0 (Macintosh; Intel Mac OS X 10_15_7) AppleWebKit/537.36 (KHTML, like Gecko) Chrome/100.0.4896.60 Safari/537.36"
::1 - - [19/Apr/2022:20:16:55 +0000] "GET /app/flip/call/heads HTTP/1.1" 304 - "http://localhost:3000/" "Mozilla/5.0 (Macintosh; Intel Mac OS X 10_15_7) AppleWebKit/537.36 (KHTML, like Gecko) Chrome/100.0.4896.60 Safari/537.36"
::1 - - [19/Apr/2022:20:16:56 +0000] "GET /app/flip/call/tails HTTP/1.1" 304 - "http://localhost:3000/" "Mozilla/5.0 (Macintosh; Intel Mac OS X 10_15_7) AppleWebKit/537.36 (KHTML, like Gecko) Chrome/100.0.4896.60 Safari/537.36"
::1 - - [19/Apr/2022:20:16:56 +0000] "GET /app/flip/call/heads HTTP/1.1" 304 - "http://localhost:3000/" "Mozilla/5.0 (Macintosh; Intel Mac OS X 10_15_7) AppleWebKit/537.36 (KHTML, like Gecko) Chrome/100.0.4896.60 Safari/537.36"
::1 - - [19/Apr/2022:20:16:57 +0000] "GET /app/flip/call/tails HTTP/1.1" 304 - "http://localhost:3000/" "Mozilla/5.0 (Macintosh; Intel Mac OS X 10_15_7) AppleWebKit/537.36 (KHTML, like Gecko) Chrome/100.0.4896.60 Safari/537.36"
::1 - - [19/Apr/2022:20:16:58 +0000] "GET /app/flip/call/heads HTTP/1.1" 200 47 "http://localhost:3000/" "Mozilla/5.0 (Macintosh; Intel Mac OS X 10_15_7) AppleWebKit/537.36 (KHTML, like Gecko) Chrome/100.0.4896.60 Safari/537.36"
::1 - - [19/Apr/2022:20:18:45 +0000] "GET /app/flip/call/heads HTTP/1.1" 304 - "http://localhost:3000/" "Mozilla/5.0 (Macintosh; Intel Mac OS X 10_15_7) AppleWebKit/537.36 (KHTML, like Gecko) Chrome/100.0.4896.60 Safari/537.36"
::1 - - [19/Apr/2022:20:18:47 +0000] "GET /app/flip/call/tails HTTP/1.1" 200 47 "http://localhost:3000/" "Mozilla/5.0 (Macintosh; Intel Mac OS X 10_15_7) AppleWebKit/537.36 (KHTML, like Gecko) Chrome/100.0.4896.60 Safari/537.36"
::1 - - [19/Apr/2022:20:25:18 +0000] "POST /app/flip/coins/ HTTP/1.1" 200 42 "http://localhost:3000/" "Mozilla/5.0 (Macintosh; Intel Mac OS X 10_15_7) AppleWebKit/537.36 (KHTML, like Gecko) Chrome/100.0.4896.60 Safari/537.36"
::1 - - [19/Apr/2022:20:25:26 +0000] "GET /app/flip/call/heads HTTP/1.1" 200 46 "http://localhost:3000/" "Mozilla/5.0 (Macintosh; Intel Mac OS X 10_15_7) AppleWebKit/537.36 (KHTML, like Gecko) Chrome/100.0.4896.60 Safari/537.36"
::1 - - [19/Apr/2022:20:25:27 +0000] "GET /app/flip/call/tails HTTP/1.1" 200 46 "http://localhost:3000/" "Mozilla/5.0 (Macintosh; Intel Mac OS X 10_15_7) AppleWebKit/537.36 (KHTML, like Gecko) Chrome/100.0.4896.60 Safari/537.36"
::1 - - [19/Apr/2022:20:25:28 +0000] "GET /app/flip/call/heads HTTP/1.1" 304 - "http://localhost:3000/" "Mozilla/5.0 (Macintosh; Intel Mac OS X 10_15_7) AppleWebKit/537.36 (KHTML, like Gecko) Chrome/100.0.4896.60 Safari/537.36"
::1 - - [19/Apr/2022:20:25:28 +0000] "GET /app/flip/call/tails HTTP/1.1" 304 - "http://localhost:3000/" "Mozilla/5.0 (Macintosh; Intel Mac OS X 10_15_7) AppleWebKit/537.36 (KHTML, like Gecko) Chrome/100.0.4896.60 Safari/537.36"
::1 - - [19/Apr/2022:20:25:28 +0000] "GET /app/flip/call/heads HTTP/1.1" 304 - "http://localhost:3000/" "Mozilla/5.0 (Macintosh; Intel Mac OS X 10_15_7) AppleWebKit/537.36 (KHTML, like Gecko) Chrome/100.0.4896.60 Safari/537.36"
::1 - - [19/Apr/2022:20:37:20 +0000] "POST /app/flip/coins/ HTTP/1.1" 200 89 "http://localhost:3000/" "Mozilla/5.0 (Macintosh; Intel Mac OS X 10_15_7) AppleWebKit/537.36 (KHTML, like Gecko) Chrome/100.0.4896.60 Safari/537.36"
::1 - - [19/Apr/2022:20:37:40 +0000] "POST /app/flip/coins/ HTTP/1.1" 200 42 "http://localhost:3000/" "Mozilla/5.0 (Macintosh; Intel Mac OS X 10_15_7) AppleWebKit/537.36 (KHTML, like Gecko) Chrome/100.0.4896.60 Safari/537.36"
::1 - - [19/Apr/2022:20:37:44 +0000] "POST /app/flip/coins/ HTTP/1.1" 200 81 "http://localhost:3000/" "Mozilla/5.0 (Macintosh; Intel Mac OS X 10_15_7) AppleWebKit/537.36 (KHTML, like Gecko) Chrome/100.0.4896.60 Safari/537.36"
::1 - - [19/Apr/2022:20:38:41 +0000] "POST /app/flip/coins/ HTTP/1.1" 200 81 "http://localhost:3000/" "Mozilla/5.0 (Macintosh; Intel Mac OS X 10_15_7) AppleWebKit/537.36 (KHTML, like Gecko) Chrome/100.0.4896.60 Safari/537.36"
::1 - - [19/Apr/2022:20:41:20 +0000] "GET /app/flip/ HTTP/1.1" 200 16 "http://localhost:3000/" "Mozilla/5.0 (Macintosh; Intel Mac OS X 10_15_7) AppleWebKit/537.36 (KHTML, like Gecko) Chrome/100.0.4896.60 Safari/537.36"
::1 - - [19/Apr/2022:20:41:32 +0000] "POST /app/flip/coins/ HTTP/1.1" 200 595 "http://localhost:3000/" "Mozilla/5.0 (Macintosh; Intel Mac OS X 10_15_7) AppleWebKit/537.36 (KHTML, like Gecko) Chrome/100.0.4896.60 Safari/537.36"
::1 - - [19/Apr/2022:20:41:53 +0000] "GET /app/flip/call/tails HTTP/1.1" 304 - "http://localhost:3000/" "Mozilla/5.0 (Macintosh; Intel Mac OS X 10_15_7) AppleWebKit/537.36 (KHTML, like Gecko) Chrome/100.0.4896.60 Safari/537.36"
::1 - - [19/Apr/2022:20:42:18 +0000] "GET /app/flip/call/heads HTTP/1.1" 200 47 "http://localhost:3000/" "Mozilla/5.0 (Macintosh; Intel Mac OS X 10_15_7) AppleWebKit/537.36 (KHTML, like Gecko) Chrome/100.0.4896.60 Safari/537.36"
::1 - - [19/Apr/2022:20:42:23 +0000] "GET /app/flip/call/tails HTTP/1.1" 200 47 "http://localhost:3000/" "Mozilla/5.0 (Macintosh; Intel Mac OS X 10_15_7) AppleWebKit/537.36 (KHTML, like Gecko) Chrome/100.0.4896.60 Safari/537.36"
::1 - - [19/Apr/2022:20:48:30 +0000] "POST /app/flip/coins/ HTTP/1.1" 200 595 "http://localhost:3000/" "Mozilla/5.0 (Macintosh; Intel Mac OS X 10_15_7) AppleWebKit/537.36 (KHTML, like Gecko) Chrome/100.0.4896.60 Safari/537.36"
::1 - - [19/Apr/2022:20:48:31 +0000] "POST /app/flip/coins/ HTTP/1.1" 200 595 "http://localhost:3000/" "Mozilla/5.0 (Macintosh; Intel Mac OS X 10_15_7) AppleWebKit/537.36 (KHTML, like Gecko) Chrome/100.0.4896.60 Safari/537.36"
::1 - - [19/Apr/2022:20:48:32 +0000] "POST /app/flip/coins/ HTTP/1.1" 200 595 "http://localhost:3000/" "Mozilla/5.0 (Macintosh; Intel Mac OS X 10_15_7) AppleWebKit/537.36 (KHTML, like Gecko) Chrome/100.0.4896.60 Safari/537.36"
::1 - - [19/Apr/2022:20:48:45 +0000] "GET /app/flip/ HTTP/1.1" 304 - "http://localhost:3000/" "Mozilla/5.0 (Macintosh; Intel Mac OS X 10_15_7) AppleWebKit/537.36 (KHTML, like Gecko) Chrome/100.0.4896.60 Safari/537.36"
::1 - - [19/Apr/2022:20:48:46 +0000] "GET /app/flip/ HTTP/1.1" 304 - "http://localhost:3000/" "Mozilla/5.0 (Macintosh; Intel Mac OS X 10_15_7) AppleWebKit/537.36 (KHTML, like Gecko) Chrome/100.0.4896.60 Safari/537.36"
::1 - - [19/Apr/2022:20:48:46 +0000] "GET /app/flip/ HTTP/1.1" 304 - "http://localhost:3000/" "Mozilla/5.0 (Macintosh; Intel Mac OS X 10_15_7) AppleWebKit/537.36 (KHTML, like Gecko) Chrome/100.0.4896.60 Safari/537.36"
::1 - - [19/Apr/2022:20:48:46 +0000] "GET /app/flip/ HTTP/1.1" 200 16 "http://localhost:3000/" "Mozilla/5.0 (Macintosh; Intel Mac OS X 10_15_7) AppleWebKit/537.36 (KHTML, like Gecko) Chrome/100.0.4896.60 Safari/537.36"
::1 - - [19/Apr/2022:20:48:47 +0000] "GET /app/flip/ HTTP/1.1" 304 - "http://localhost:3000/" "Mozilla/5.0 (Macintosh; Intel Mac OS X 10_15_7) AppleWebKit/537.36 (KHTML, like Gecko) Chrome/100.0.4896.60 Safari/537.36"
::1 - - [19/Apr/2022:20:48:47 +0000] "GET /app/flip/ HTTP/1.1" 304 - "http://localhost:3000/" "Mozilla/5.0 (Macintosh; Intel Mac OS X 10_15_7) AppleWebKit/537.36 (KHTML, like Gecko) Chrome/100.0.4896.60 Safari/537.36"
::1 - - [19/Apr/2022:20:48:47 +0000] "GET /app/flip/ HTTP/1.1" 304 - "http://localhost:3000/" "Mozilla/5.0 (Macintosh; Intel Mac OS X 10_15_7) AppleWebKit/537.36 (KHTML, like Gecko) Chrome/100.0.4896.60 Safari/537.36"
::1 - - [19/Apr/2022:20:48:47 +0000] "GET /app/flip/ HTTP/1.1" 200 16 "http://localhost:3000/" "Mozilla/5.0 (Macintosh; Intel Mac OS X 10_15_7) AppleWebKit/537.36 (KHTML, like Gecko) Chrome/100.0.4896.60 Safari/537.36"
::1 - - [19/Apr/2022:20:48:47 +0000] "GET /app/flip/ HTTP/1.1" 304 - "http://localhost:3000/" "Mozilla/5.0 (Macintosh; Intel Mac OS X 10_15_7) AppleWebKit/537.36 (KHTML, like Gecko) Chrome/100.0.4896.60 Safari/537.36"
::1 - - [19/Apr/2022:20:48:48 +0000] "GET /app/flip/ HTTP/1.1" 304 - "http://localhost:3000/" "Mozilla/5.0 (Macintosh; Intel Mac OS X 10_15_7) AppleWebKit/537.36 (KHTML, like Gecko) Chrome/100.0.4896.60 Safari/537.36"
::1 - - [19/Apr/2022:20:48:48 +0000] "GET /app/flip/ HTTP/1.1" 304 - "http://localhost:3000/" "Mozilla/5.0 (Macintosh; Intel Mac OS X 10_15_7) AppleWebKit/537.36 (KHTML, like Gecko) Chrome/100.0.4896.60 Safari/537.36"
::1 - - [19/Apr/2022:20:48:48 +0000] "GET /app/flip/ HTTP/1.1" 304 - "http://localhost:3000/" "Mozilla/5.0 (Macintosh; Intel Mac OS X 10_15_7) AppleWebKit/537.36 (KHTML, like Gecko) Chrome/100.0.4896.60 Safari/537.36"
::1 - - [19/Apr/2022:20:48:48 +0000] "GET /app/flip/ HTTP/1.1" 200 16 "http://localhost:3000/" "Mozilla/5.0 (Macintosh; Intel Mac OS X 10_15_7) AppleWebKit/537.36 (KHTML, like Gecko) Chrome/100.0.4896.60 Safari/537.36"
::1 - - [19/Apr/2022:20:48:48 +0000] "GET /app/flip/ HTTP/1.1" 200 16 "http://localhost:3000/" "Mozilla/5.0 (Macintosh; Intel Mac OS X 10_15_7) AppleWebKit/537.36 (KHTML, like Gecko) Chrome/100.0.4896.60 Safari/537.36"
::1 - - [19/Apr/2022:20:48:48 +0000] "GET /app/flip/ HTTP/1.1" 200 16 "http://localhost:3000/" "Mozilla/5.0 (Macintosh; Intel Mac OS X 10_15_7) AppleWebKit/537.36 (KHTML, like Gecko) Chrome/100.0.4896.60 Safari/537.36"
::1 - - [19/Apr/2022:20:48:49 +0000] "GET /app/flip/ HTTP/1.1" 200 16 "http://localhost:3000/" "Mozilla/5.0 (Macintosh; Intel Mac OS X 10_15_7) AppleWebKit/537.36 (KHTML, like Gecko) Chrome/100.0.4896.60 Safari/537.36"
::1 - - [19/Apr/2022:20:48:49 +0000] "GET /app/flip/ HTTP/1.1" 304 - "http://localhost:3000/" "Mozilla/5.0 (Macintosh; Intel Mac OS X 10_15_7) AppleWebKit/537.36 (KHTML, like Gecko) Chrome/100.0.4896.60 Safari/537.36"
::1 - - [19/Apr/2022:20:48:49 +0000] "GET /app/flip/ HTTP/1.1" 200 16 "http://localhost:3000/" "Mozilla/5.0 (Macintosh; Intel Mac OS X 10_15_7) AppleWebKit/537.36 (KHTML, like Gecko) Chrome/100.0.4896.60 Safari/537.36"
::1 - - [19/Apr/2022:20:48:49 +0000] "GET /app/flip/ HTTP/1.1" 200 16 "http://localhost:3000/" "Mozilla/5.0 (Macintosh; Intel Mac OS X 10_15_7) AppleWebKit/537.36 (KHTML, like Gecko) Chrome/100.0.4896.60 Safari/537.36"
::1 - - [19/Apr/2022:20:48:49 +0000] "GET /app/flip/ HTTP/1.1" 200 16 "http://localhost:3000/" "Mozilla/5.0 (Macintosh; Intel Mac OS X 10_15_7) AppleWebKit/537.36 (KHTML, like Gecko) Chrome/100.0.4896.60 Safari/537.36"
::1 - - [19/Apr/2022:20:48:50 +0000] "GET /app/flip/ HTTP/1.1" 200 16 "http://localhost:3000/" "Mozilla/5.0 (Macintosh; Intel Mac OS X 10_15_7) AppleWebKit/537.36 (KHTML, like Gecko) Chrome/100.0.4896.60 Safari/537.36"
::1 - - [19/Apr/2022:20:48:50 +0000] "GET /app/flip/ HTTP/1.1" 304 - "http://localhost:3000/" "Mozilla/5.0 (Macintosh; Intel Mac OS X 10_15_7) AppleWebKit/537.36 (KHTML, like Gecko) Chrome/100.0.4896.60 Safari/537.36"
::1 - - [19/Apr/2022:20:48:50 +0000] "GET /app/flip/ HTTP/1.1" 200 16 "http://localhost:3000/" "Mozilla/5.0 (Macintosh; Intel Mac OS X 10_15_7) AppleWebKit/537.36 (KHTML, like Gecko) Chrome/100.0.4896.60 Safari/537.36"
::1 - - [19/Apr/2022:20:48:50 +0000] "GET /app/flip/ HTTP/1.1" 200 16 "http://localhost:3000/" "Mozilla/5.0 (Macintosh; Intel Mac OS X 10_15_7) AppleWebKit/537.36 (KHTML, like Gecko) Chrome/100.0.4896.60 Safari/537.36"
::1 - - [19/Apr/2022:20:48:50 +0000] "GET /app/flip/ HTTP/1.1" 304 - "http://localhost:3000/" "Mozilla/5.0 (Macintosh; Intel Mac OS X 10_15_7) AppleWebKit/537.36 (KHTML, like Gecko) Chrome/100.0.4896.60 Safari/537.36"
::1 - - [19/Apr/2022:20:48:50 +0000] "GET /app/flip/ HTTP/1.1" 200 16 "http://localhost:3000/" "Mozilla/5.0 (Macintosh; Intel Mac OS X 10_15_7) AppleWebKit/537.36 (KHTML, like Gecko) Chrome/100.0.4896.60 Safari/537.36"
::1 - - [19/Apr/2022:20:48:51 +0000] "GET /app/flip/ HTTP/1.1" 304 - "http://localhost:3000/" "Mozilla/5.0 (Macintosh; Intel Mac OS X 10_15_7) AppleWebKit/537.36 (KHTML, like Gecko) Chrome/100.0.4896.60 Safari/537.36"
::1 - - [19/Apr/2022:20:48:51 +0000] "GET /app/flip/ HTTP/1.1" 200 16 "http://localhost:3000/" "Mozilla/5.0 (Macintosh; Intel Mac OS X 10_15_7) AppleWebKit/537.36 (KHTML, like Gecko) Chrome/100.0.4896.60 Safari/537.36"
::1 - - [19/Apr/2022:20:48:51 +0000] "GET /app/flip/ HTTP/1.1" 304 - "http://localhost:3000/" "Mozilla/5.0 (Macintosh; Intel Mac OS X 10_15_7) AppleWebKit/537.36 (KHTML, like Gecko) Chrome/100.0.4896.60 Safari/537.36"
::1 - - [19/Apr/2022:20:48:51 +0000] "GET /app/flip/ HTTP/1.1" 304 - "http://localhost:3000/" "Mozilla/5.0 (Macintosh; Intel Mac OS X 10_15_7) AppleWebKit/537.36 (KHTML, like Gecko) Chrome/100.0.4896.60 Safari/537.36"
::1 - - [19/Apr/2022:20:48:51 +0000] "GET /app/flip/ HTTP/1.1" 200 16 "http://localhost:3000/" "Mozilla/5.0 (Macintosh; Intel Mac OS X 10_15_7) AppleWebKit/537.36 (KHTML, like Gecko) Chrome/100.0.4896.60 Safari/537.36"
::1 - - [19/Apr/2022:20:48:51 +0000] "GET /app/flip/ HTTP/1.1" 304 - "http://localhost:3000/" "Mozilla/5.0 (Macintosh; Intel Mac OS X 10_15_7) AppleWebKit/537.36 (KHTML, like Gecko) Chrome/100.0.4896.60 Safari/537.36"
::1 - - [19/Apr/2022:20:48:52 +0000] "GET /app/flip/ HTTP/1.1" 304 - "http://localhost:3000/" "Mozilla/5.0 (Macintosh; Intel Mac OS X 10_15_7) AppleWebKit/537.36 (KHTML, like Gecko) Chrome/100.0.4896.60 Safari/537.36"
::1 - - [19/Apr/2022:20:48:52 +0000] "GET /app/flip/ HTTP/1.1" 200 16 "http://localhost:3000/" "Mozilla/5.0 (Macintosh; Intel Mac OS X 10_15_7) AppleWebKit/537.36 (KHTML, like Gecko) Chrome/100.0.4896.60 Safari/537.36"
::1 - - [19/Apr/2022:20:48:52 +0000] "GET /app/flip/ HTTP/1.1" 200 16 "http://localhost:3000/" "Mozilla/5.0 (Macintosh; Intel Mac OS X 10_15_7) AppleWebKit/537.36 (KHTML, like Gecko) Chrome/100.0.4896.60 Safari/537.36"
::1 - - [19/Apr/2022:20:48:52 +0000] "GET /app/flip/ HTTP/1.1" 304 - "http://localhost:3000/" "Mozilla/5.0 (Macintosh; Intel Mac OS X 10_15_7) AppleWebKit/537.36 (KHTML, like Gecko) Chrome/100.0.4896.60 Safari/537.36"
::1 - - [19/Apr/2022:20:48:52 +0000] "GET /app/flip/ HTTP/1.1" 200 16 "http://localhost:3000/" "Mozilla/5.0 (Macintosh; Intel Mac OS X 10_15_7) AppleWebKit/537.36 (KHTML, like Gecko) Chrome/100.0.4896.60 Safari/537.36"
::1 - - [19/Apr/2022:20:48:53 +0000] "GET /app/flip/ HTTP/1.1" 304 - "http://localhost:3000/" "Mozilla/5.0 (Macintosh; Intel Mac OS X 10_15_7) AppleWebKit/537.36 (KHTML, like Gecko) Chrome/100.0.4896.60 Safari/537.36"
::1 - - [19/Apr/2022:20:48:53 +0000] "GET /app/flip/ HTTP/1.1" 304 - "http://localhost:3000/" "Mozilla/5.0 (Macintosh; Intel Mac OS X 10_15_7) AppleWebKit/537.36 (KHTML, like Gecko) Chrome/100.0.4896.60 Safari/537.36"
::1 - - [19/Apr/2022:20:48:53 +0000] "GET /app/flip/ HTTP/1.1" 200 16 "http://localhost:3000/" "Mozilla/5.0 (Macintosh; Intel Mac OS X 10_15_7) AppleWebKit/537.36 (KHTML, like Gecko) Chrome/100.0.4896.60 Safari/537.36"
::1 - - [19/Apr/2022:20:48:54 +0000] "GET /app/flip/ HTTP/1.1" 200 16 "http://localhost:3000/" "Mozilla/5.0 (Macintosh; Intel Mac OS X 10_15_7) AppleWebKit/537.36 (KHTML, like Gecko) Chrome/100.0.4896.60 Safari/537.36"
::1 - - [19/Apr/2022:20:48:54 +0000] "GET /app/flip/ HTTP/1.1" 200 16 "http://localhost:3000/" "Mozilla/5.0 (Macintosh; Intel Mac OS X 10_15_7) AppleWebKit/537.36 (KHTML, like Gecko) Chrome/100.0.4896.60 Safari/537.36"
::1 - - [19/Apr/2022:20:48:54 +0000] "GET /app/flip/ HTTP/1.1" 304 - "http://localhost:3000/" "Mozilla/5.0 (Macintosh; Intel Mac OS X 10_15_7) AppleWebKit/537.36 (KHTML, like Gecko) Chrome/100.0.4896.60 Safari/537.36"
::1 - - [19/Apr/2022:20:48:55 +0000] "GET /app/flip/ HTTP/1.1" 304 - "http://localhost:3000/" "Mozilla/5.0 (Macintosh; Intel Mac OS X 10_15_7) AppleWebKit/537.36 (KHTML, like Gecko) Chrome/100.0.4896.60 Safari/537.36"
::1 - - [19/Apr/2022:20:48:55 +0000] "GET /app/flip/ HTTP/1.1" 304 - "http://localhost:3000/" "Mozilla/5.0 (Macintosh; Intel Mac OS X 10_15_7) AppleWebKit/537.36 (KHTML, like Gecko) Chrome/100.0.4896.60 Safari/537.36"
::1 - - [19/Apr/2022:20:48:56 +0000] "GET /app/flip/ HTTP/1.1" 304 - "http://localhost:3000/" "Mozilla/5.0 (Macintosh; Intel Mac OS X 10_15_7) AppleWebKit/537.36 (KHTML, like Gecko) Chrome/100.0.4896.60 Safari/537.36"
::1 - - [19/Apr/2022:20:48:56 +0000] "GET /app/flip/ HTTP/1.1" 304 - "http://localhost:3000/" "Mozilla/5.0 (Macintosh; Intel Mac OS X 10_15_7) AppleWebKit/537.36 (KHTML, like Gecko) Chrome/100.0.4896.60 Safari/537.36"
::1 - - [19/Apr/2022:20:48:57 +0000] "GET /app/flip/ HTTP/1.1" 200 16 "http://localhost:3000/" "Mozilla/5.0 (Macintosh; Intel Mac OS X 10_15_7) AppleWebKit/537.36 (KHTML, like Gecko) Chrome/100.0.4896.60 Safari/537.36"
::1 - - [19/Apr/2022:20:48:57 +0000] "GET /app/flip/ HTTP/1.1" 304 - "http://localhost:3000/" "Mozilla/5.0 (Macintosh; Intel Mac OS X 10_15_7) AppleWebKit/537.36 (KHTML, like Gecko) Chrome/100.0.4896.60 Safari/537.36"
::1 - - [19/Apr/2022:20:48:57 +0000] "GET /app/flip/ HTTP/1.1" 200 16 "http://localhost:3000/" "Mozilla/5.0 (Macintosh; Intel Mac OS X 10_15_7) AppleWebKit/537.36 (KHTML, like Gecko) Chrome/100.0.4896.60 Safari/537.36"
::1 - - [19/Apr/2022:20:48:58 +0000] "GET /app/flip/ HTTP/1.1" 304 - "http://localhost:3000/" "Mozilla/5.0 (Macintosh; Intel Mac OS X 10_15_7) AppleWebKit/537.36 (KHTML, like Gecko) Chrome/100.0.4896.60 Safari/537.36"
::1 - - [19/Apr/2022:20:48:58 +0000] "GET /app/flip/ HTTP/1.1" 200 16 "http://localhost:3000/" "Mozilla/5.0 (Macintosh; Intel Mac OS X 10_15_7) AppleWebKit/537.36 (KHTML, like Gecko) Chrome/100.0.4896.60 Safari/537.36"
::1 - - [19/Apr/2022:20:48:58 +0000] "GET /app/flip/ HTTP/1.1" 304 - "http://localhost:3000/" "Mozilla/5.0 (Macintosh; Intel Mac OS X 10_15_7) AppleWebKit/537.36 (KHTML, like Gecko) Chrome/100.0.4896.60 Safari/537.36"
::1 - - [19/Apr/2022:20:54:00 +0000] "GET /app/flip/call/heads HTTP/1.1" 304 - "http://localhost:3000/" "Mozilla/5.0 (Macintosh; Intel Mac OS X 10_15_7) AppleWebKit/537.36 (KHTML, like Gecko) Chrome/100.0.4896.60 Safari/537.36"
::1 - - [19/Apr/2022:20:54:02 +0000] "GET /app/flip/call/heads HTTP/1.1" 304 - "http://localhost:3000/" "Mozilla/5.0 (Macintosh; Intel Mac OS X 10_15_7) AppleWebKit/537.36 (KHTML, like Gecko) Chrome/100.0.4896.60 Safari/537.36"
::1 - - [19/Apr/2022:20:54:59 +0000] "GET /app/flip/call/heads HTTP/1.1" 200 46 "http://localhost:3000/" "Mozilla/5.0 (Macintosh; Intel Mac OS X 10_15_7) AppleWebKit/537.36 (KHTML, like Gecko) Chrome/100.0.4896.60 Safari/537.36"
::1 - - [19/Apr/2022:21:09:06 +0000] "GET /app/flip/call/heads HTTP/1.1" 304 - "http://localhost:3000/" "Mozilla/5.0 (Macintosh; Intel Mac OS X 10_15_7) AppleWebKit/537.36 (KHTML, like Gecko) Chrome/100.0.4896.60 Safari/537.36"
::1 - - [19/Apr/2022:21:09:08 +0000] "GET /app/flip/call/tails HTTP/1.1" 200 46 "http://localhost:3000/" "Mozilla/5.0 (Macintosh; Intel Mac OS X 10_15_7) AppleWebKit/537.36 (KHTML, like Gecko) Chrome/100.0.4896.60 Safari/537.36"
::1 - - [19/Apr/2022:21:09:09 +0000] "GET /app/flip/call/heads HTTP/1.1" 304 - "http://localhost:3000/" "Mozilla/5.0 (Macintosh; Intel Mac OS X 10_15_7) AppleWebKit/537.36 (KHTML, like Gecko) Chrome/100.0.4896.60 Safari/537.36"
::1 - - [19/Apr/2022:21:09:11 +0000] "GET /app/flip/call/tails HTTP/1.1" 304 - "http://localhost:3000/" "Mozilla/5.0 (Macintosh; Intel Mac OS X 10_15_7) AppleWebKit/537.36 (KHTML, like Gecko) Chrome/100.0.4896.60 Safari/537.36"
::1 - - [19/Apr/2022:21:09:11 +0000] "GET /app/flip/call/heads HTTP/1.1" 200 47 "http://localhost:3000/" "Mozilla/5.0 (Macintosh; Intel Mac OS X 10_15_7) AppleWebKit/537.36 (KHTML, like Gecko) Chrome/100.0.4896.60 Safari/537.36"
::1 - - [19/Apr/2022:21:09:12 +0000] "GET /app/flip/call/tails HTTP/1.1" 200 47 "http://localhost:3000/" "Mozilla/5.0 (Macintosh; Intel Mac OS X 10_15_7) AppleWebKit/537.36 (KHTML, like Gecko) Chrome/100.0.4896.60 Safari/537.36"
::1 - - [19/Apr/2022:21:09:12 +0000] "GET /app/flip/call/heads HTTP/1.1" 304 - "http://localhost:3000/" "Mozilla/5.0 (Macintosh; Intel Mac OS X 10_15_7) AppleWebKit/537.36 (KHTML, like Gecko) Chrome/100.0.4896.60 Safari/537.36"
::1 - - [19/Apr/2022:21:09:13 +0000] "GET /app/flip/call/tails HTTP/1.1" 200 46 "http://localhost:3000/" "Mozilla/5.0 (Macintosh; Intel Mac OS X 10_15_7) AppleWebKit/537.36 (KHTML, like Gecko) Chrome/100.0.4896.60 Safari/537.36"
::1 - - [19/Apr/2022:21:09:13 +0000] "GET /app/flip/call/heads HTTP/1.1" 304 - "http://localhost:3000/" "Mozilla/5.0 (Macintosh; Intel Mac OS X 10_15_7) AppleWebKit/537.36 (KHTML, like Gecko) Chrome/100.0.4896.60 Safari/537.36"
::1 - - [19/Apr/2022:21:09:14 +0000] "GET /app/flip/call/heads HTTP/1.1" 200 46 "http://localhost:3000/" "Mozilla/5.0 (Macintosh; Intel Mac OS X 10_15_7) AppleWebKit/537.36 (KHTML, like Gecko) Chrome/100.0.4896.60 Safari/537.36"
::1 - - [19/Apr/2022:21:09:15 +0000] "GET /app/flip/call/tails HTTP/1.1" 304 - "http://localhost:3000/" "Mozilla/5.0 (Macintosh; Intel Mac OS X 10_15_7) AppleWebKit/537.36 (KHTML, like Gecko) Chrome/100.0.4896.60 Safari/537.36"
::1 - - [19/Apr/2022:21:09:15 +0000] "GET /app/flip/call/heads HTTP/1.1" 200 47 "http://localhost:3000/" "Mozilla/5.0 (Macintosh; Intel Mac OS X 10_15_7) AppleWebKit/537.36 (KHTML, like Gecko) Chrome/100.0.4896.60 Safari/537.36"
::1 - - [19/Apr/2022:21:09:58 +0000] "GET /app/flip/call/heads HTTP/1.1" 304 - "http://localhost:3000/" "Mozilla/5.0 (Macintosh; Intel Mac OS X 10_15_7) AppleWebKit/537.36 (KHTML, like Gecko) Chrome/100.0.4896.60 Safari/537.36"
::1 - - [19/Apr/2022:21:10:01 +0000] "GET /app/flip/call/tails HTTP/1.1" 200 47 "http://localhost:3000/" "Mozilla/5.0 (Macintosh; Intel Mac OS X 10_15_7) AppleWebKit/537.36 (KHTML, like Gecko) Chrome/100.0.4896.60 Safari/537.36"
::1 - - [19/Apr/2022:21:10:01 +0000] "GET /app/flip/call/heads HTTP/1.1" 200 46 "http://localhost:3000/" "Mozilla/5.0 (Macintosh; Intel Mac OS X 10_15_7) AppleWebKit/537.36 (KHTML, like Gecko) Chrome/100.0.4896.60 Safari/537.36"
::1 - - [19/Apr/2022:21:10:02 +0000] "GET /app/flip/call/tails HTTP/1.1" 304 - "http://localhost:3000/" "Mozilla/5.0 (Macintosh; Intel Mac OS X 10_15_7) AppleWebKit/537.36 (KHTML, like Gecko) Chrome/100.0.4896.60 Safari/537.36"
::1 - - [19/Apr/2022:21:10:02 +0000] "GET /app/flip/call/heads HTTP/1.1" 200 47 "http://localhost:3000/" "Mozilla/5.0 (Macintosh; Intel Mac OS X 10_15_7) AppleWebKit/537.36 (KHTML, like Gecko) Chrome/100.0.4896.60 Safari/537.36"
::1 - - [19/Apr/2022:21:10:03 +0000] "GET /app/flip/call/tails HTTP/1.1" 200 46 "http://localhost:3000/" "Mozilla/5.0 (Macintosh; Intel Mac OS X 10_15_7) AppleWebKit/537.36 (KHTML, like Gecko) Chrome/100.0.4896.60 Safari/537.36"
::1 - - [19/Apr/2022:21:10:03 +0000] "GET /app/flip/call/heads HTTP/1.1" 200 46 "http://localhost:3000/" "Mozilla/5.0 (Macintosh; Intel Mac OS X 10_15_7) AppleWebKit/537.36 (KHTML, like Gecko) Chrome/100.0.4896.60 Safari/537.36"
::1 - - [19/Apr/2022:21:10:16 +0000] "GET /app/flip/call/heads HTTP/1.1" 200 47 "http://localhost:3000/" "Mozilla/5.0 (Macintosh; Intel Mac OS X 10_15_7) AppleWebKit/537.36 (KHTML, like Gecko) Chrome/100.0.4896.60 Safari/537.36"
::1 - - [19/Apr/2022:21:10:22 +0000] "GET /app/flip/call/heads HTTP/1.1" 304 - "http://localhost:3000/" "Mozilla/5.0 (Macintosh; Intel Mac OS X 10_15_7) AppleWebKit/537.36 (KHTML, like Gecko) Chrome/100.0.4896.60 Safari/537.36"
::1 - - [19/Apr/2022:21:26:32 +0000] "GET /app/flip/ HTTP/1.1" 304 - "http://localhost:3000/" "Mozilla/5.0 (Macintosh; Intel Mac OS X 10_15_7) AppleWebKit/537.36 (KHTML, like Gecko) Chrome/100.0.4896.60 Safari/537.36"
::1 - - [19/Apr/2022:21:26:33 +0000] "GET /app/flip/ HTTP/1.1" 200 16 "http://localhost:3000/" "Mozilla/5.0 (Macintosh; Intel Mac OS X 10_15_7) AppleWebKit/537.36 (KHTML, like Gecko) Chrome/100.0.4896.60 Safari/537.36"
::1 - - [19/Apr/2022:21:26:33 +0000] "GET /app/flip/ HTTP/1.1" 200 16 "http://localhost:3000/" "Mozilla/5.0 (Macintosh; Intel Mac OS X 10_15_7) AppleWebKit/537.36 (KHTML, like Gecko) Chrome/100.0.4896.60 Safari/537.36"
::1 - - [19/Apr/2022:21:26:49 +0000] "POST /app/flip/coins/ HTTP/1.1" 200 555409 "http://localhost:3000/" "Mozilla/5.0 (Macintosh; Intel Mac OS X 10_15_7) AppleWebKit/537.36 (KHTML, like Gecko) Chrome/100.0.4896.60 Safari/537.36"
::1 - - [19/Apr/2022:21:27:59 +0000] "GET /app/flip/call/tails HTTP/1.1" 200 47 "http://localhost:3000/" "Mozilla/5.0 (Macintosh; Intel Mac OS X 10_15_7) AppleWebKit/537.36 (KHTML, like Gecko) Chrome/100.0.4896.60 Safari/537.36"
::1 - - [19/Apr/2022:21:28:50 +0000] "GET /app/flip/call/heads HTTP/1.1" 200 46 "http://localhost:3000/" "Mozilla/5.0 (Macintosh; Intel Mac OS X 10_15_7) AppleWebKit/537.36 (KHTML, like Gecko) Chrome/100.0.4896.60 Safari/537.36"
::1 - - [19/Apr/2022:21:28:52 +0000] "GET /app/flip/call/tails HTTP/1.1" 200 46 "http://localhost:3000/" "Mozilla/5.0 (Macintosh; Intel Mac OS X 10_15_7) AppleWebKit/537.36 (KHTML, like Gecko) Chrome/100.0.4896.60 Safari/537.36"
::1 - - [19/Apr/2022:21:28:57 +0000] "GET /app/flip/call/heads HTTP/1.1" 304 - "http://localhost:3000/" "Mozilla/5.0 (Macintosh; Intel Mac OS X 10_15_7) AppleWebKit/537.36 (KHTML, like Gecko) Chrome/100.0.4896.60 Safari/537.36"
::1 - - [19/Apr/2022:21:28:57 +0000] "GET /app/flip/call/tails HTTP/1.1" 200 47 "http://localhost:3000/" "Mozilla/5.0 (Macintosh; Intel Mac OS X 10_15_7) AppleWebKit/537.36 (KHTML, like Gecko) Chrome/100.0.4896.60 Safari/537.36"
::1 - - [19/Apr/2022:21:29:02 +0000] "GET /app/flip/call/heads HTTP/1.1" 304 - "http://localhost:3000/" "Mozilla/5.0 (Macintosh; Intel Mac OS X 10_15_7) AppleWebKit/537.36 (KHTML, like Gecko) Chrome/100.0.4896.60 Safari/537.36"
::1 - - [19/Apr/2022:21:29:02 +0000] "GET /app/flip/call/tails HTTP/1.1" 304 - "http://localhost:3000/" "Mozilla/5.0 (Macintosh; Intel Mac OS X 10_15_7) AppleWebKit/537.36 (KHTML, like Gecko) Chrome/100.0.4896.60 Safari/537.36"
::1 - - [19/Apr/2022:21:29:03 +0000] "GET /app/flip/call/heads HTTP/1.1" 304 - "http://localhost:3000/" "Mozilla/5.0 (Macintosh; Intel Mac OS X 10_15_7) AppleWebKit/537.36 (KHTML, like Gecko) Chrome/100.0.4896.60 Safari/537.36"
::1 - - [19/Apr/2022:21:29:04 +0000] "GET /app/flip/call/heads HTTP/1.1" 200 47 "http://localhost:3000/" "Mozilla/5.0 (Macintosh; Intel Mac OS X 10_15_7) AppleWebKit/537.36 (KHTML, like Gecko) Chrome/100.0.4896.60 Safari/537.36"
::1 - - [19/Apr/2022:21:29:05 +0000] "GET /app/flip/call/tails HTTP/1.1" 304 - "http://localhost:3000/" "Mozilla/5.0 (Macintosh; Intel Mac OS X 10_15_7) AppleWebKit/537.36 (KHTML, like Gecko) Chrome/100.0.4896.60 Safari/537.36"
::1 - - [19/Apr/2022:21:29:05 +0000] "GET /app/flip/call/heads HTTP/1.1" 200 46 "http://localhost:3000/" "Mozilla/5.0 (Macintosh; Intel Mac OS X 10_15_7) AppleWebKit/537.36 (KHTML, like Gecko) Chrome/100.0.4896.60 Safari/537.36"
::1 - - [19/Apr/2022:21:29:06 +0000] "GET /app/flip/call/tails HTTP/1.1" 304 - "http://localhost:3000/" "Mozilla/5.0 (Macintosh; Intel Mac OS X 10_15_7) AppleWebKit/537.36 (KHTML, like Gecko) Chrome/100.0.4896.60 Safari/537.36"
::1 - - [19/Apr/2022:21:29:06 +0000] "GET /app/flip/call/heads HTTP/1.1" 304 - "http://localhost:3000/" "Mozilla/5.0 (Macintosh; Intel Mac OS X 10_15_7) AppleWebKit/537.36 (KHTML, like Gecko) Chrome/100.0.4896.60 Safari/537.36"
::1 - - [19/Apr/2022:21:29:07 +0000] "GET /app/flip/call/tails HTTP/1.1" 200 46 "http://localhost:3000/" "Mozilla/5.0 (Macintosh; Intel Mac OS X 10_15_7) AppleWebKit/537.36 (KHTML, like Gecko) Chrome/100.0.4896.60 Safari/537.36"
::1 - - [19/Apr/2022:21:29:07 +0000] "GET /app/flip/call/tails HTTP/1.1" 200 47 "http://localhost:3000/" "Mozilla/5.0 (Macintosh; Intel Mac OS X 10_15_7) AppleWebKit/537.36 (KHTML, like Gecko) Chrome/100.0.4896.60 Safari/537.36"
::1 - - [19/Apr/2022:21:29:08 +0000] "GET /app/flip/call/heads HTTP/1.1" 304 - "http://localhost:3000/" "Mozilla/5.0 (Macintosh; Intel Mac OS X 10_15_7) AppleWebKit/537.36 (KHTML, like Gecko) Chrome/100.0.4896.60 Safari/537.36"
::1 - - [19/Apr/2022:21:29:09 +0000] "GET /app/flip/call/tails HTTP/1.1" 200 46 "http://localhost:3000/" "Mozilla/5.0 (Macintosh; Intel Mac OS X 10_15_7) AppleWebKit/537.36 (KHTML, like Gecko) Chrome/100.0.4896.60 Safari/537.36"
::1 - - [19/Apr/2022:21:29:09 +0000] "GET /app/flip/call/heads HTTP/1.1" 200 47 "http://localhost:3000/" "Mozilla/5.0 (Macintosh; Intel Mac OS X 10_15_7) AppleWebKit/537.36 (KHTML, like Gecko) Chrome/100.0.4896.60 Safari/537.36"
::1 - - [19/Apr/2022:21:29:58 +0000] "GET /app/flip/call/heads HTTP/1.1" 304 - "http://localhost:3000/" "Mozilla/5.0 (Macintosh; Intel Mac OS X 10_15_7) AppleWebKit/537.36 (KHTML, like Gecko) Chrome/100.0.4896.60 Safari/537.36"
::1 - - [19/Apr/2022:21:30:01 +0000] "GET /app/flip/call/heads HTTP/1.1" 304 - "http://localhost:3000/" "Mozilla/5.0 (Macintosh; Intel Mac OS X 10_15_7) AppleWebKit/537.36 (KHTML, like Gecko) Chrome/100.0.4896.60 Safari/537.36"
::1 - - [19/Apr/2022:21:30:02 +0000] "GET /app/flip/call/tails HTTP/1.1" 304 - "http://localhost:3000/" "Mozilla/5.0 (Macintosh; Intel Mac OS X 10_15_7) AppleWebKit/537.36 (KHTML, like Gecko) Chrome/100.0.4896.60 Safari/537.36"
::1 - - [19/Apr/2022:21:30:04 +0000] "GET /app/flip/call/heads HTTP/1.1" 200 46 "http://localhost:3000/" "Mozilla/5.0 (Macintosh; Intel Mac OS X 10_15_7) AppleWebKit/537.36 (KHTML, like Gecko) Chrome/100.0.4896.60 Safari/537.36"
::1 - - [19/Apr/2022:21:30:05 +0000] "GET /app/flip/call/heads HTTP/1.1" 200 47 "http://localhost:3000/" "Mozilla/5.0 (Macintosh; Intel Mac OS X 10_15_7) AppleWebKit/537.36 (KHTML, like Gecko) Chrome/100.0.4896.60 Safari/537.36"
::1 - - [19/Apr/2022:21:30:06 +0000] "GET /app/flip/call/heads HTTP/1.1" 304 - "http://localhost:3000/" "Mozilla/5.0 (Macintosh; Intel Mac OS X 10_15_7) AppleWebKit/537.36 (KHTML, like Gecko) Chrome/100.0.4896.60 Safari/537.36"
::1 - - [19/Apr/2022:21:30:07 +0000] "GET /app/flip/call/heads HTTP/1.1" 200 46 "http://localhost:3000/" "Mozilla/5.0 (Macintosh; Intel Mac OS X 10_15_7) AppleWebKit/537.36 (KHTML, like Gecko) Chrome/100.0.4896.60 Safari/537.36"
::1 - - [19/Apr/2022:21:30:08 +0000] "GET /app/flip/call/heads HTTP/1.1" 304 - "http://localhost:3000/" "Mozilla/5.0 (Macintosh; Intel Mac OS X 10_15_7) AppleWebKit/537.36 (KHTML, like Gecko) Chrome/100.0.4896.60 Safari/537.36"
::1 - - [19/Apr/2022:21:30:09 +0000] "GET /app/flip/call/heads HTTP/1.1" 200 47 "http://localhost:3000/" "Mozilla/5.0 (Macintosh; Intel Mac OS X 10_15_7) AppleWebKit/537.36 (KHTML, like Gecko) Chrome/100.0.4896.60 Safari/537.36"
::1 - - [19/Apr/2022:21:30:09 +0000] "GET /app/flip/call/heads HTTP/1.1" 200 46 "http://localhost:3000/" "Mozilla/5.0 (Macintosh; Intel Mac OS X 10_15_7) AppleWebKit/537.36 (KHTML, like Gecko) Chrome/100.0.4896.60 Safari/537.36"
::1 - - [19/Apr/2022:21:30:09 +0000] "GET /app/flip/call/heads HTTP/1.1" 200 47 "http://localhost:3000/" "Mozilla/5.0 (Macintosh; Intel Mac OS X 10_15_7) AppleWebKit/537.36 (KHTML, like Gecko) Chrome/100.0.4896.60 Safari/537.36"
::1 - - [19/Apr/2022:21:30:09 +0000] "GET /app/flip/call/heads HTTP/1.1" 304 - "http://localhost:3000/" "Mozilla/5.0 (Macintosh; Intel Mac OS X 10_15_7) AppleWebKit/537.36 (KHTML, like Gecko) Chrome/100.0.4896.60 Safari/537.36"
::1 - - [19/Apr/2022:21:30:09 +0000] "GET /app/flip/call/heads HTTP/1.1" 304 - "http://localhost:3000/" "Mozilla/5.0 (Macintosh; Intel Mac OS X 10_15_7) AppleWebKit/537.36 (KHTML, like Gecko) Chrome/100.0.4896.60 Safari/537.36"
::1 - - [19/Apr/2022:21:30:10 +0000] "GET /app/flip/call/tails HTTP/1.1" 304 - "http://localhost:3000/" "Mozilla/5.0 (Macintosh; Intel Mac OS X 10_15_7) AppleWebKit/537.36 (KHTML, like Gecko) Chrome/100.0.4896.60 Safari/537.36"
::1 - - [19/Apr/2022:21:30:10 +0000] "GET /app/flip/call/tails HTTP/1.1" 200 47 "http://localhost:3000/" "Mozilla/5.0 (Macintosh; Intel Mac OS X 10_15_7) AppleWebKit/537.36 (KHTML, like Gecko) Chrome/100.0.4896.60 Safari/537.36"
::1 - - [19/Apr/2022:21:30:10 +0000] "GET /app/flip/call/tails HTTP/1.1" 200 46 "http://localhost:3000/" "Mozilla/5.0 (Macintosh; Intel Mac OS X 10_15_7) AppleWebKit/537.36 (KHTML, like Gecko) Chrome/100.0.4896.60 Safari/537.36"
::1 - - [19/Apr/2022:21:30:13 +0000] "GET /app/flip/call/tails HTTP/1.1" 200 47 "http://localhost:3000/" "Mozilla/5.0 (Macintosh; Intel Mac OS X 10_15_7) AppleWebKit/537.36 (KHTML, like Gecko) Chrome/100.0.4896.60 Safari/537.36"
::1 - - [19/Apr/2022:21:30:14 +0000] "GET /app/flip/call/heads HTTP/1.1" 200 46 "http://localhost:3000/" "Mozilla/5.0 (Macintosh; Intel Mac OS X 10_15_7) AppleWebKit/537.36 (KHTML, like Gecko) Chrome/100.0.4896.60 Safari/537.36"
::1 - - [19/Apr/2022:21:30:15 +0000] "GET /app/flip/call/heads HTTP/1.1" 200 47 "http://localhost:3000/" "Mozilla/5.0 (Macintosh; Intel Mac OS X 10_15_7) AppleWebKit/537.36 (KHTML, like Gecko) Chrome/100.0.4896.60 Safari/537.36"
::1 - - [19/Apr/2022:21:30:15 +0000] "GET /app/flip/call/heads HTTP/1.1" 200 46 "http://localhost:3000/" "Mozilla/5.0 (Macintosh; Intel Mac OS X 10_15_7) AppleWebKit/537.36 (KHTML, like Gecko) Chrome/100.0.4896.60 Safari/537.36"
::1 - - [19/Apr/2022:21:30:15 +0000] "GET /app/flip/call/heads HTTP/1.1" 200 47 "http://localhost:3000/" "Mozilla/5.0 (Macintosh; Intel Mac OS X 10_15_7) AppleWebKit/537.36 (KHTML, like Gecko) Chrome/100.0.4896.60 Safari/537.36"
::1 - - [19/Apr/2022:21:30:18 +0000] "GET /app/flip/call/heads HTTP/1.1" 200 46 "http://localhost:3000/" "Mozilla/5.0 (Macintosh; Intel Mac OS X 10_15_7) AppleWebKit/537.36 (KHTML, like Gecko) Chrome/100.0.4896.60 Safari/537.36"
::1 - - [19/Apr/2022:23:42:32 +0000] "GET /app/flip/call/heads HTTP/1.1" 304 - "http://localhost:3000/" "Mozilla/5.0 (Macintosh; Intel Mac OS X 10_15_7) AppleWebKit/537.36 (KHTML, like Gecko) Chrome/100.0.4896.60 Safari/537.36"
::1 - - [19/Apr/2022:23:42:33 +0000] "GET /app/flip/call/tails HTTP/1.1" 304 - "http://localhost:3000/" "Mozilla/5.0 (Macintosh; Intel Mac OS X 10_15_7) AppleWebKit/537.36 (KHTML, like Gecko) Chrome/100.0.4896.60 Safari/537.36"
::1 - - [19/Apr/2022:23:42:35 +0000] "GET /app/flip/call/heads HTTP/1.1" 304 - "http://localhost:3000/" "Mozilla/5.0 (Macintosh; Intel Mac OS X 10_15_7) AppleWebKit/537.36 (KHTML, like Gecko) Chrome/100.0.4896.60 Safari/537.36"
::1 - - [19/Apr/2022:23:42:35 +0000] "GET /app/flip/call/tails HTTP/1.1" 200 46 "http://localhost:3000/" "Mozilla/5.0 (Macintosh; Intel Mac OS X 10_15_7) AppleWebKit/537.36 (KHTML, like Gecko) Chrome/100.0.4896.60 Safari/537.36"
::1 - - [19/Apr/2022:23:42:36 +0000] "GET /app/flip/call/heads HTTP/1.1" 304 - "http://localhost:3000/" "Mozilla/5.0 (Macintosh; Intel Mac OS X 10_15_7) AppleWebKit/537.36 (KHTML, like Gecko) Chrome/100.0.4896.60 Safari/537.36"
::1 - - [19/Apr/2022:23:42:36 +0000] "GET /app/flip/call/tails HTTP/1.1" 304 - "http://localhost:3000/" "Mozilla/5.0 (Macintosh; Intel Mac OS X 10_15_7) AppleWebKit/537.36 (KHTML, like Gecko) Chrome/100.0.4896.60 Safari/537.36"
::1 - - [19/Apr/2022:23:42:37 +0000] "GET /app/flip/call/heads HTTP/1.1" 200 47 "http://localhost:3000/" "Mozilla/5.0 (Macintosh; Intel Mac OS X 10_15_7) AppleWebKit/537.36 (KHTML, like Gecko) Chrome/100.0.4896.60 Safari/537.36"
::1 - - [20/Apr/2022:20:10:15 +0000] "GET /app/flip/ HTTP/1.1" 200 16 "http://localhost:3000/" "Mozilla/5.0 (Macintosh; Intel Mac OS X 10_15_7) AppleWebKit/537.36 (KHTML, like Gecko) Chrome/100.0.4896.127 Safari/537.36"
::1 - - [20/Apr/2022:20:10:16 +0000] "GET /app/flip/ HTTP/1.1" 304 - "http://localhost:3000/" "Mozilla/5.0 (Macintosh; Intel Mac OS X 10_15_7) AppleWebKit/537.36 (KHTML, like Gecko) Chrome/100.0.4896.127 Safari/537.36"
::1 - - [20/Apr/2022:20:10:16 +0000] "GET /app/flip/ HTTP/1.1" 304 - "http://localhost:3000/" "Mozilla/5.0 (Macintosh; Intel Mac OS X 10_15_7) AppleWebKit/537.36 (KHTML, like Gecko) Chrome/100.0.4896.127 Safari/537.36"
::1 - - [20/Apr/2022:20:10:17 +0000] "GET /app/flip/ HTTP/1.1" 200 16 "http://localhost:3000/" "Mozilla/5.0 (Macintosh; Intel Mac OS X 10_15_7) AppleWebKit/537.36 (KHTML, like Gecko) Chrome/100.0.4896.127 Safari/537.36"
::1 - - [20/Apr/2022:20:10:17 +0000] "GET /app/flip/ HTTP/1.1" 304 - "http://localhost:3000/" "Mozilla/5.0 (Macintosh; Intel Mac OS X 10_15_7) AppleWebKit/537.36 (KHTML, like Gecko) Chrome/100.0.4896.127 Safari/537.36"
::1 - - [20/Apr/2022:20:10:23 +0000] "POST /app/flip/coins/ HTTP/1.1" 200 97 "http://localhost:3000/" "Mozilla/5.0 (Macintosh; Intel Mac OS X 10_15_7) AppleWebKit/537.36 (KHTML, like Gecko) Chrome/100.0.4896.127 Safari/537.36"
::1 - - [20/Apr/2022:20:10:29 +0000] "GET /ws HTTP/1.1" 404 23 "-" "Mozilla/5.0 (Macintosh; Intel Mac OS X 10_15_7) AppleWebKit/537.36 (KHTML, like Gecko) Chrome/100.0.4896.127 Safari/537.36"
::1 - - [20/Apr/2022:20:10:52 +0000] "GET /app/flip/call/heads HTTP/1.1" 304 - "http://localhost:3000/" "Mozilla/5.0 (Macintosh; Intel Mac OS X 10_15_7) AppleWebKit/537.36 (KHTML, like Gecko) Chrome/100.0.4896.127 Safari/537.36"
::1 - - [20/Apr/2022:20:11:34 +0000] "GET /ws HTTP/1.1" 404 23 "-" "Mozilla/5.0 (Macintosh; Intel Mac OS X 10_15_7) AppleWebKit/537.36 (KHTML, like Gecko) Chrome/100.0.4896.127 Safari/537.36"
::1 - - [20/Apr/2022:20:13:44 +0000] "GET /ws HTTP/1.1" 404 23 "-" "Mozilla/5.0 (Macintosh; Intel Mac OS X 10_15_7) AppleWebKit/537.36 (KHTML, like Gecko) Chrome/100.0.4896.127 Safari/537.36"
::1 - - [20/Apr/2022:20:18:01 +0000] "GET /ws HTTP/1.1" 404 23 "-" "Mozilla/5.0 (Macintosh; Intel Mac OS X 10_15_7) AppleWebKit/537.36 (KHTML, like Gecko) Chrome/100.0.4896.127 Safari/537.36"
::1 - - [20/Apr/2022:20:26:34 +0000] "GET /ws HTTP/1.1" 404 23 "-" "Mozilla/5.0 (Macintosh; Intel Mac OS X 10_15_7) AppleWebKit/537.36 (KHTML, like Gecko) Chrome/100.0.4896.127 Safari/537.36"
::1 - - [26/Apr/2022:15:59:04 +0000] "GET /app/log/access HTTP/1.1" 200 126923 "-" "curl/7.77.0"
::1 - - [26/Apr/2022:16:06:10 +0000] "GET /app/log/access HTTP/1.1" - - "-" "curl/7.77.0"
::1 - - [26/Apr/2022:16:22:39 +0000] "GET /app/log/access HTTP/1.1" 200 127327 "-" "curl/7.77.0"
::1 - - [28/Apr/2022:19:20:52 +0000] "GET /app/log/access/ HTTP/1.1" 200 127732 "-" "curl/7.77.0"
::1 - - [28/Apr/2022:19:22:09 +0000] "GET /app/flip/coin/ HTTP/1.1" 404 23 "-" "curl/7.77.0"
